This is pdfTeX, Version 3.141592653-2.6-1.40.25 (MiKTeX 24.1) (preloaded format=pdflatex 2024.12.1)  2 JUN 2025 22:29
entering extended mode
 restricted \write18 enabled.
 %&-line parsing enabled.
**./SP-name.tex
(SP-name.tex
LaTeX2e <2023-11-01> patch level 1
L3 programming layer <2024-01-04>

LaTeX Warning: \include should only be used after \begin{document} on input lin
e 3.

(preamble.tex
(C:\Users\Kane\AppData\Local\Programs\MiKTeX\tex/latex/base\book.cls
Document Class: book 2023/05/17 v1.4n Standard LaTeX document class
(C:\Users\Kane\AppData\Local\Programs\MiKTeX\tex/latex/base\bk12.clo
File: bk12.clo 2023/05/17 v1.4n Standard LaTeX file (size option)
)
\c@part=\count187
\c@chapter=\count188
\c@section=\count189
\c@subsection=\count190
\c@subsubsection=\count191
\c@paragraph=\count192
\c@subparagraph=\count193
\c@figure=\count194
\c@table=\count195
\abovecaptionskip=\skip48
\belowcaptionskip=\skip49
\bibindent=\dimen140
)
(C:\Users\Kane\AppData\Local\Programs\MiKTeX\tex/latex/pdfpages\pdfpages.sty
Package: pdfpages 2024/10/28 v0.6c Insert pages of external PDF documents (AM)

(C:\Users\Kane\AppData\Local\Programs\MiKTeX\tex/latex/base\ifthen.sty
Package: ifthen 2022/04/13 v1.1d Standard LaTeX ifthen package (DPC)
)
(C:\Users\Kane\AppData\Local\Programs\MiKTeX\tex/latex/tools\calc.sty
Package: calc 2023/07/08 v4.3 Infix arithmetic (KKT,FJ)
\calc@Acount=\count196
\calc@Bcount=\count197
\calc@Adimen=\dimen141
\calc@Bdimen=\dimen142
\calc@Askip=\skip50
\calc@Bskip=\skip51
LaTeX Info: Redefining \setlength on input line 80.
LaTeX Info: Redefining \addtolength on input line 81.
\calc@Ccount=\count198
\calc@Cskip=\skip52
)
(C:\Users\Kane\AppData\Local\Programs\MiKTeX\tex/latex/eso-pic\eso-pic.sty
Package: eso-pic 2023/05/03 v3.0c eso-pic (RN)
\ESO@tempdima=\dimen143
\ESO@tempdimb=\dimen144

(C:\Users\Kane\AppData\Local\Programs\MiKTeX\tex/latex/graphics\keyval.sty
Package: keyval 2022/05/29 v1.15 key=value parser (DPC)
\KV@toks@=\toks17
)
(C:\Users\Kane\AppData\Local\Programs\MiKTeX\tex/latex/xcolor\xcolor.sty
Package: xcolor 2023/11/15 v3.01 LaTeX color extensions (UK)

(C:\Users\Kane\AppData\Local\Programs\MiKTeX\tex/latex/graphics-cfg\color.cfg
File: color.cfg 2016/01/02 v1.6 sample color configuration
)
Package xcolor Info: Driver file: pdftex.def on input line 274.

(C:\Users\Kane\AppData\Local\Programs\MiKTeX\tex/latex/graphics-def\pdftex.def
File: pdftex.def 2022/09/22 v1.2b Graphics/color driver for pdftex
) (C:\Users\Kane\AppData\Local\Programs\MiKTeX\tex/latex/graphics\mathcolor.ltx
)
Package xcolor Info: Model `cmy' substituted by `cmy0' on input line 1350.
Package xcolor Info: Model `hsb' substituted by `rgb' on input line 1354.
Package xcolor Info: Model `RGB' extended on input line 1366.
Package xcolor Info: Model `HTML' substituted by `rgb' on input line 1368.
Package xcolor Info: Model `Hsb' substituted by `hsb' on input line 1369.
Package xcolor Info: Model `tHsb' substituted by `hsb' on input line 1370.
Package xcolor Info: Model `HSB' substituted by `hsb' on input line 1371.
Package xcolor Info: Model `Gray' substituted by `gray' on input line 1372.
Package xcolor Info: Model `wave' substituted by `hsb' on input line 1373.
)) (C:\Users\Kane\AppData\Local\Programs\MiKTeX\tex/latex/graphics\graphicx.sty
Package: graphicx 2021/09/16 v1.2d Enhanced LaTeX Graphics (DPC,SPQR)
(C:\Users\Kane\AppData\Local\Programs\MiKTeX\tex/latex/graphics\graphics.sty
Package: graphics 2022/03/10 v1.4e Standard LaTeX Graphics (DPC,SPQR)

(C:\Users\Kane\AppData\Local\Programs\MiKTeX\tex/latex/graphics\trig.sty
Package: trig 2021/08/11 v1.11 sin cos tan (DPC)
)
(C:\Users\Kane\AppData\Local\Programs\MiKTeX\tex/latex/graphics-cfg\graphics.cf
g
File: graphics.cfg 2016/06/04 v1.11 sample graphics configuration
)
Package graphics Info: Driver file: pdftex.def on input line 107.
)
\Gin@req@height=\dimen145
\Gin@req@width=\dimen146
)
\AM@pagewidth=\dimen147
\AM@pageheight=\dimen148
\AM@fboxrule=\dimen149

(C:\Users\Kane\AppData\Local\Programs\MiKTeX\tex/latex/pdfpages\pppdftex.def
File: pppdftex.def 2024/10/28 v0.6c Pdfpages driver for pdfTeX (AM)
)
\pdfpages@includegraphics@status=\count199
\AM@pagebox=\box51
\AM@global@opts=\toks18
\AM@pagecnt=\count266
\AM@toc@title=\toks19
\AM@lof@heading=\toks20
\c@AM@survey=\count267
\AM@templatesizebox=\box52
)
(C:\Users\Kane\AppData\Local\Programs\MiKTeX\tex/latex/apacite\apacite.sty
Package: apacite 2013/07/21 v6.03 APA citation
\c@BibCnt=\count268
\bibleftmargin=\skip53
\bibindent=\skip54
\bibparsep=\skip55
\bibitemsep=\skip56
\biblabelsep=\skip57
)
(C:\Users\Kane\AppData\Local\Programs\MiKTeX\tex/latex/amsmath\amsmath.sty
Package: amsmath 2023/05/13 v2.17o AMS math features
\@mathmargin=\skip58

For additional information on amsmath, use the `?' option.
(C:\Users\Kane\AppData\Local\Programs\MiKTeX\tex/latex/amsmath\amstext.sty
Package: amstext 2021/08/26 v2.01 AMS text

(C:\Users\Kane\AppData\Local\Programs\MiKTeX\tex/latex/amsmath\amsgen.sty
File: amsgen.sty 1999/11/30 v2.0 generic functions
\@emptytoks=\toks21
\ex@=\dimen150
))
(C:\Users\Kane\AppData\Local\Programs\MiKTeX\tex/latex/amsmath\amsbsy.sty
Package: amsbsy 1999/11/29 v1.2d Bold Symbols
\pmbraise@=\dimen151
)
(C:\Users\Kane\AppData\Local\Programs\MiKTeX\tex/latex/amsmath\amsopn.sty
Package: amsopn 2022/04/08 v2.04 operator names
)
\inf@bad=\count269
LaTeX Info: Redefining \frac on input line 234.
\uproot@=\count270
\leftroot@=\count271
LaTeX Info: Redefining \overline on input line 399.
LaTeX Info: Redefining \colon on input line 410.
\classnum@=\count272
\DOTSCASE@=\count273
LaTeX Info: Redefining \ldots on input line 496.
LaTeX Info: Redefining \dots on input line 499.
LaTeX Info: Redefining \cdots on input line 620.
\Mathstrutbox@=\box53
\strutbox@=\box54
LaTeX Info: Redefining \big on input line 722.
LaTeX Info: Redefining \Big on input line 723.
LaTeX Info: Redefining \bigg on input line 724.
LaTeX Info: Redefining \Bigg on input line 725.
\big@size=\dimen152
LaTeX Font Info:    Redeclaring font encoding OML on input line 743.
LaTeX Font Info:    Redeclaring font encoding OMS on input line 744.
\macc@depth=\count274
LaTeX Info: Redefining \bmod on input line 905.
LaTeX Info: Redefining \pmod on input line 910.
LaTeX Info: Redefining \smash on input line 940.
LaTeX Info: Redefining \relbar on input line 970.
LaTeX Info: Redefining \Relbar on input line 971.
\c@MaxMatrixCols=\count275
\dotsspace@=\muskip16
\c@parentequation=\count276
\dspbrk@lvl=\count277
\tag@help=\toks22
\row@=\count278
\column@=\count279
\maxfields@=\count280
\andhelp@=\toks23
\eqnshift@=\dimen153
\alignsep@=\dimen154
\tagshift@=\dimen155
\tagwidth@=\dimen156
\totwidth@=\dimen157
\lineht@=\dimen158
\@envbody=\toks24
\multlinegap=\skip59
\multlinetaggap=\skip60
\mathdisplay@stack=\toks25
LaTeX Info: Redefining \[ on input line 2953.
LaTeX Info: Redefining \] on input line 2954.
)
(C:\Users\Kane\AppData\Local\Programs\MiKTeX\tex/latex/amsfonts\amsfonts.sty
Package: amsfonts 2013/01/14 v3.01 Basic AMSFonts support
\symAMSa=\mathgroup4
\symAMSb=\mathgroup5
LaTeX Font Info:    Redeclaring math symbol \hbar on input line 98.
LaTeX Font Info:    Overwriting math alphabet `\mathfrak' in version `bold'
(Font)                  U/euf/m/n --> U/euf/b/n on input line 106.
)
(C:\Users\Kane\AppData\Local\Programs\MiKTeX\tex/latex/amsfonts\amssymb.sty
Package: amssymb 2013/01/14 v3.01 AMS font symbols
)
(C:\Users\Kane\AppData\Local\Programs\MiKTeX\tex/latex/tools\verbatim.sty
Package: verbatim 2023-11-06 v1.5v LaTeX2e package for verbatim enhancements
\every@verbatim=\toks26
\verbatim@line=\toks27
\verbatim@in@stream=\read2
)
(C:\Users\Kane\AppData\Local\Programs\MiKTeX\tex/latex/url\url.sty
\Urlmuskip=\muskip17
Package: url 2013/09/16  ver 3.4  Verb mode for urls, etc.
)
(C:\Users\Kane\AppData\Local\Programs\MiKTeX\tex/latex/tools\tabularx.sty
Package: tabularx 2023/07/08 v2.11c `tabularx' package (DPC)

(C:\Users\Kane\AppData\Local\Programs\MiKTeX\tex/latex/tools\array.sty
Package: array 2023/10/16 v2.5g Tabular extension package (FMi)
\col@sep=\dimen159
\ar@mcellbox=\box55
\extrarowheight=\dimen160
\NC@list=\toks28
\extratabsurround=\skip61
\backup@length=\skip62
\ar@cellbox=\box56
)
\TX@col@width=\dimen161
\TX@old@table=\dimen162
\TX@old@col=\dimen163
\TX@target=\dimen164
\TX@delta=\dimen165
\TX@cols=\count281
\TX@ftn=\toks29
)
(C:\Users\Kane\AppData\Local\Programs\MiKTeX\tex/latex/adjustbox\adjustbox.sty
Package: adjustbox 2022/10/17 v1.3a Adjusting TeX boxes (trim, clip, ...)

(C:\Users\Kane\AppData\Local\Programs\MiKTeX\tex/latex/xkeyval\xkeyval.sty
Package: xkeyval 2022/06/16 v2.9 package option processing (HA)

(C:\Users\Kane\AppData\Local\Programs\MiKTeX\tex/generic/xkeyval\xkeyval.tex
(C:\Users\Kane\AppData\Local\Programs\MiKTeX\tex/generic/xkeyval\xkvutils.tex
\XKV@toks=\toks30
\XKV@tempa@toks=\toks31
)
\XKV@depth=\count282
File: xkeyval.tex 2014/12/03 v2.7a key=value parser (HA)
)) (C:\Users\Kane\AppData\Local\Programs\MiKTeX\tex/latex/adjustbox\adjcalc.sty
Package: adjcalc 2012/05/16 v1.1 Provides advanced setlength with multiple back
-ends (calc, etex, pgfmath)
) (C:\Users\Kane\AppData\Local\Programs\MiKTeX\tex/latex/adjustbox\trimclip.sty
Package: trimclip 2020/08/19 v1.2 Trim and clip general TeX material

(C:\Users\Kane\AppData\Local\Programs\MiKTeX\tex/latex/collectbox\collectbox.st
y
Package: collectbox 2022/10/17 v0.4c Collect macro arguments as boxes
\collectedbox=\box57
)
\tc@llx=\dimen166
\tc@lly=\dimen167
\tc@urx=\dimen168
\tc@ury=\dimen169
Package trimclip Info: Using driver 'tc-pdftex.def'.

(C:\Users\Kane\AppData\Local\Programs\MiKTeX\tex/latex/adjustbox\tc-pdftex.def
File: tc-pdftex.def 2019/01/04 v2.2 Clipping driver for pdftex
))
\adjbox@Width=\dimen170
\adjbox@Height=\dimen171
\adjbox@Depth=\dimen172
\adjbox@Totalheight=\dimen173
\adjbox@pwidth=\dimen174
\adjbox@pheight=\dimen175
\adjbox@pdepth=\dimen176
\adjbox@ptotalheight=\dimen177

(C:\Users\Kane\AppData\Local\Programs\MiKTeX\tex/latex/ifoddpage\ifoddpage.sty
Package: ifoddpage 2022/10/18 v1.2 Conditionals for odd/even page detection
\c@checkoddpage=\count283
) (C:\Users\Kane\AppData\Local\Programs\MiKTeX\tex/latex/varwidth\varwidth.sty
Package: varwidth 2009/03/30 ver 0.92;  Variable-width minipages
\@vwid@box=\box58
\sift@deathcycles=\count284
\@vwid@loff=\dimen178
\@vwid@roff=\dimen179
)) (C:\Users\Kane\AppData\Local\Programs\MiKTeX\tex/latex/graphics\lscape.sty
Package: lscape 2020/05/28 v3.02 Landscape Pages (DPC)
)
(C:\Users\Kane\AppData\Local\Programs\MiKTeX\tex/latex/float\float.sty
Package: float 2001/11/08 v1.3d Float enhancements (AL)
\c@float@type=\count285
\float@exts=\toks32
\float@box=\box59
\@float@everytoks=\toks33
\@floatcapt=\box60
)
(C:\Users\Kane\AppData\Local\Programs\MiKTeX\tex/latex/colortbl\colortbl.sty
Package: colortbl 2024/07/06 v1.0i Color table columns (DPC)
\everycr=\toks34
\minrowclearance=\skip63
\rownum=\count286
)

LaTeX Warning: Package "xcolor" has already been loaded: ignoring load-time
(LaTeX)        option "xcdraw".

(C:\Users\Kane\AppData\Local\Programs\MiKTeX\tex/latex/setspace\setspace.sty
Package: setspace 2022/12/04 v6.7b set line spacing
)
(C:\Users\Kane\AppData\Local\Programs\MiKTeX\tex/latex/datetime\datetime.sty
Package: datetime 2015/03/20 v2.60 Date Time Package

(C:\Users\Kane\AppData\Local\Programs\MiKTeX\tex/latex/etoolbox\etoolbox.sty
Package: etoolbox 2020/10/05 v2.5k e-TeX tools for LaTeX (JAW)
\etb@tempcnta=\count287
)
(C:\Users\Kane\AppData\Local\Programs\MiKTeX\tex/latex/fmtcount\fmtcount.sty
Package: fmtcount 2025/02/09 v3.10 Displaying the values of LaTeX counters (NT,
VB,NE)

(C:\Users\Kane\AppData\Local\Programs\MiKTeX\tex/latex/fmtcount\fcprefix.sty
Package: fcprefix 2012/09/28

(C:\Users\Kane\AppData\Local\Programs\MiKTeX\tex/latex/fmtcount\fcnumparser.sty
Package: fcnumparser 2017/06/15
\fc@digit@counter=\count288
))
\c@padzeroesN=\count289
\fc@tmpcatcode=\count290
\@DT@modctr=\count291
\@ordinalctr=\count292
\@orgargctr=\count293
\@strctr=\count294
\@tmpstrctr=\count295
\@DT@loopN=\count296
\@DT@X=\count297
)
(C:\Users\Kane\AppData\Local\Programs\MiKTeX\tex/latex/datetime\datetime-defaul
ts.sty
Package: datetime-defaults 2013/09/10
)
\@day=\count298
\@month=\count299
\@year=\count300
\c@HOUR=\count301
\c@HOURXII=\count302
\c@MINUTE=\count303
\c@TOHOUR=\count304
\c@TOMINUTE=\count305
\c@SECOND=\count306
\currenthour=\count307
\currentminute=\count308
\currentsecond=\count309
Package datetime Info: No datetime.cfg file found, using default settings on in
put line 308.
\@dtctr=\count310
\dayofyear=\count311
\dayofweek=\count312
LaTeX Info: Redefining \today on input line 736.
\dt@a=\toks35
\dt@b=\toks36
)
(C:\Users\Kane\AppData\Local\Programs\MiKTeX\tex/latex/multirow\multirow.sty
Package: multirow 2024/11/12 v2.9 Span multiple rows of a table
\multirow@colwidth=\skip64
\multirow@cntb=\count313
\multirow@dima=\skip65
\bigstrutjot=\dimen180
)

LaTeX Warning: Package "xcolor" has already been loaded: ignoring load-time
(LaTeX)        option "xcdraw".

(C:\Users\Kane\AppData\Local\Programs\MiKTeX\tex/latex/titlesec\titlesec.sty
Package: titlesec 2025/01/04 v2.17 Sectioning titles
\ttl@box=\box61
\beforetitleunit=\skip66
\aftertitleunit=\skip67
\ttl@plus=\dimen181
\ttl@minus=\dimen182
\ttl@toksa=\toks37
\titlewidth=\dimen183
\titlewidthlast=\dimen184
\titlewidthfirst=\dimen185
))
(C:\Users\Kane\AppData\Local\Programs\MiKTeX\tex/latex/l3backend\l3backend-pdft
ex.def
File: l3backend-pdftex.def 2024-01-04 L3 backend support: PDF output (pdfTeX)
\l__color_backend_stack_int=\count314
\l__pdf_internal_box=\box62
)

LaTeX Warning: Unused global option(s):
    [twopage].

(SP-name.aux (title_page.aux) (approval.aux) (declaration.aux) (dedication.aux)
(acknowledgment.aux) (abstract.aux) (chapter_1.aux) (chapter_2.aux)
(chapter_3.aux) (chapter_4.aux) (chapter_5.aux) (chapter_6.aux) (appendix_A.aux
) (appendix_B.aux) (appendix_C.aux))
\openout1 = `SP-name.aux'.

LaTeX Font Info:    Checking defaults for OML/cmm/m/it on input line 7.
LaTeX Font Info:    ... okay on input line 7.
LaTeX Font Info:    Checking defaults for OMS/cmsy/m/n on input line 7.
LaTeX Font Info:    ... okay on input line 7.
LaTeX Font Info:    Checking defaults for OT1/cmr/m/n on input line 7.
LaTeX Font Info:    ... okay on input line 7.
LaTeX Font Info:    Checking defaults for T1/cmr/m/n on input line 7.
LaTeX Font Info:    ... okay on input line 7.
LaTeX Font Info:    Checking defaults for TS1/cmr/m/n on input line 7.
LaTeX Font Info:    ... okay on input line 7.
LaTeX Font Info:    Checking defaults for OMX/cmex/m/n on input line 7.
LaTeX Font Info:    ... okay on input line 7.
LaTeX Font Info:    Checking defaults for U/cmr/m/n on input line 7.
LaTeX Font Info:    ... okay on input line 7.

(C:\Users\Kane\AppData\Local\Programs\MiKTeX\tex/context/base/mkii\supp-pdf.mki
i
[Loading MPS to PDF converter (version 2006.09.02).]
\scratchcounter=\count315
\scratchdimen=\dimen186
\scratchbox=\box63
\nofMPsegments=\count316
\nofMParguments=\count317
\everyMPshowfont=\toks38
\MPscratchCnt=\count318
\MPscratchDim=\dimen187
\MPnumerator=\count319
\makeMPintoPDFobject=\count320
\everyMPtoPDFconversion=\toks39
)
(C:\Users\Kane\AppData\Local\Programs\MiKTeX\tex/latex/epstopdf-pkg\epstopdf-ba
se.sty
Package: epstopdf-base 2020-01-24 v2.11 Base part for package epstopdf
Package epstopdf-base Info: Redefining graphics rule for `.eps' on input line 4
85.

(C:\Users\Kane\AppData\Local\Programs\MiKTeX\tex/latex/00miktex\epstopdf-sys.cf
g
File: epstopdf-sys.cfg 2021/03/18 v2.0 Configuration of epstopdf for MiKTeX
))
(C:\Users\Kane\AppData\Local\Programs\MiKTeX\tex/latex/pdflscape\pdflscape.sty
Package: pdflscape 2022-10-27 v0.13 Display of landscape pages in PDF

(C:\Users\Kane\AppData\Local\Programs\MiKTeX\tex/latex/pdflscape\pdflscape-nome
tadata.sty
Package: pdflscape-nometadata 2022-10-28 v0.13 Display of landscape pages in PD
F (HO)

(C:\Users\Kane\AppData\Local\Programs\MiKTeX\tex/generic/iftex\iftex.sty
Package: iftex 2022/02/03 v1.0f TeX engine tests
)
Package pdflscape Info: Auto-detected driver: pdftex on input line 81.
))
\c@maskedRefs=\count321

(C:\Users\Kane\AppData\Local\Programs\MiKTeX\tex/latex/apacite\english.apc
File: english.apc 2013/07/21 v6.03 apacite language file
LaTeX Info: Redefining \BPBI on input line 129.
LaTeX Info: Redefining \BHBI on input line 130.
)
(C:\Users\Kane\AppData\Local\Programs\MiKTeX\tex/latex/fmtcount\fc-english.def
File: fc-english.def 2016/01/12
)
! Undefined control sequence.
l.8 \linenumbers
                
The control sequence at the end of the top line
of your error message was never \def'ed. If you have
misspelled it (e.g., `\hobx'), type `I' and the correct
spelling (e.g., `I\hbox'). Otherwise just continue,
and I'll forget about whatever was undefined.

\openout2 = `title_page.aux'.

(title_page.tex

LaTeX Font Warning: Font shape `OT1/cmr/m/scit' undefined
(Font)              using `OT1/cmr/m/it' instead on input line 6.

[1



{C:/Users/Kane/AppData/Local/MiKTeX/fonts/map/pdftex/pdftex.map}])
\openout2 = `approval.aux'.


(approval.tex

LaTeX Font Warning: Font shape `OT1/cmr/m/scit' undefined
(Font)              using `OT1/cmr/m/it' instead on input line 10.

LaTeX Font Info:    Trying to load font information for U+msa on input line 15.

(C:\Users\Kane\AppData\Local\Programs\MiKTeX\tex/latex/amsfonts\umsa.fd
File: umsa.fd 2013/01/14 v3.01 AMS symbols A
)
LaTeX Font Info:    Trying to load font information for U+msb on input line 15.


(C:\Users\Kane\AppData\Local\Programs\MiKTeX\tex/latex/amsfonts\umsb.fd
File: umsb.fd 2013/01/14 v3.01 AMS symbols B
))
Overfull \hbox (32.22908pt too wide) in paragraph at lines 15--12
[][] 
 []

[2



]
\openout2 = `declaration.aux'.

 (declaration.tex
Overfull \hbox (18.968pt too wide) in paragraph at lines 12--22
[][] 
 []

) [3



]
\openout2 = `dedication.aux'.

 (dedication.tex) [4



]
\openout2 = `acknowledgment.aux'.

 (acknowledgment.tex [5



]
Overfull \hbox (1.32336pt too wide) in paragraph at lines 19--20
[]\OT1/cmr/m/n/12 Lastly, to ev-ery-one who di-rectly or in-di-rectly con-tribu
ted to this the-sis, whether
 []


Underfull \vbox (badness 10000) has occurred while \output is active []

 [6]
Underfull \vbox (badness 10000) has occurred while \output is active []

 [7]
Underfull \vbox (badness 10000) has occurred while \output is active []

 [8]
Underfull \vbox (badness 10000) has occurred while \output is active []

 [9]
Overfull \hbox (0.49698pt too wide) in paragraph at lines 62--63
[]\OT1/cmr/m/n/12 To my lovely (but some-times an-noy-ing) sib-lings { Ha-ri-et
te, Vladimir, Michaela,
 []


Underfull \vbox (badness 10000) has occurred while \output is active []

 [10])
[11]
\openout2 = `abstract.aux'.

 (abstract.tex) [12



] (SP-name.toc
Underfull \vbox (badness 10000) has occurred while \output is active []

 [13



]
Overfull \hbox (0.88766pt too wide) in paragraph at lines 14--14
 [][] []\OT1/cmr/m/n/12 Geometric Mor-pho-met-rics and Ma-chine Learn-ing for S
pecies 
 []

[14]
Underfull \vbox (badness 10000) has occurred while \output is active []

 [15])
\tf@toc=\write3
\openout3 = `SP-name.toc'.


[16] (SP-name.lof
! Undefined control sequence.
l.3 \@LN@changevadjust
                       \vspace {-10pt}
The control sequence at the end of the top line
of your error message was never \def'ed. If you have
misspelled it (e.g., `\hobx'), type `I' and the correct
spelling (e.g., `I\hbox'). Otherwise just continue,
and I'll forget about whatever was undefined.


Underfull \vbox (badness 10000) has occurred while \output is active []

 [17

]
Underfull \vbox (badness 10000) has occurred while \output is active []

 [18]
Underfull \vbox (badness 2486) has occurred while \output is active []

 [19])
\tf@lof=\write4
\openout4 = `SP-name.lof'.


[20] (SP-name.lot
Underfull \vbox (badness 10000) has occurred while \output is active []

 [21

])
\tf@lot=\write5
\openout5 = `SP-name.lot'.


[22]
\openout2 = `chapter_1.aux'.

 (chapter_1.tex
Chapter 1.

Underfull \vbox (badness 10000) has occurred while \output is active []

 [1


]
Overfull \hbox (2.74316pt too wide) in paragraph at lines 12--13
\OT1/cmr/m/n/12 modi-ties us-ing ma-chine learn-ing and deep learn-ing, there r
e-mains a no-table scarcity
 []


Underfull \vbox (badness 10000) has occurred while \output is active []

 [2]
Underfull \vbox (badness 10000) has occurred while \output is active []

 [3]
[4] [5]
Underfull \vbox (badness 10000) has occurred while \output is active []

 [6])
[7]
\openout2 = `chapter_2.aux'.

 (chapter_2.tex [8




]
Chapter 2.

Underfull \vbox (badness 10000) has occurred while \output is active []

 [9]
Underfull \vbox (badness 10000) has occurred while \output is active []

 [10]
<figures/anatomy.png, id=110, 843.75224pt x 502.87875pt>
File: figures/anatomy.png Graphic file (type png)
<use figures/anatomy.png>
Package pdftex.def Info: figures/anatomy.png  used on input line 19.
(pdftex.def)             Requested size: 373.99469pt x 222.90175pt.

[11]
Underfull \vbox (badness 10000) has occurred while \output is active []

 [12 <./figures/anatomy.png>]
Underfull \vbox (badness 10000) has occurred while \output is active []

 [13]
Underfull \vbox (badness 10000) has occurred while \output is active []

 [14]
Underfull \vbox (badness 10000) has occurred while \output is active []

 [15]
Underfull \vbox (badness 10000) has occurred while \output is active []

 [16]
Underfull \vbox (badness 10000) has occurred while \output is active []

 [17]
Overfull \hbox (1.40376pt too wide) in paragraph at lines 55--55
|[]\OT1/cmr/bx/n/14.4 Geometric Mor-pho-met-rics and Ma-chine Learn-ing for
 []


Underfull \vbox (badness 10000) has occurred while \output is active []

 [18]
Underfull \vbox (badness 10000) has occurred while \output is active []

 [19]
Underfull \vbox (badness 10000) has occurred while \output is active []

 [20]
Overfull \hbox (8.27205pt too wide) in paragraph at lines 71--71
|[]\OT1/cmr/bx/n/14.4 Deep Learn-ing for Landmark-Free Mor-pho-log-i-cal Fea-
 []


Underfull \vbox (badness 10000) has occurred while \output is active []

 [21]
Underfull \vbox (badness 10000) has occurred while \output is active []

 [22]
Underfull \vbox (badness 10000) has occurred while \output is active []

 [23]
Underfull \vbox (badness 10000) has occurred while \output is active []

 [24]
Overfull \hbox (1.69456pt too wide) in paragraph at lines 95--96
[]\OT1/cmr/m/n/12 Hermaphrodites can ex-hibit ei-ther se-quen-tial (asyn-chrono
us) or si-mul-ta-ne-ous (syn-
 []


Underfull \vbox (badness 10000) has occurred while \output is active []

 [25]

LaTeX Warning: No positions in optional float specifier.
               Default added (so using `tbp') on input line 104.


Underfull \hbox (badness 1728) in paragraph at lines 124--124
[]|\OT1/cmr/m/n/12 Employed less in-va-sive tech-niques which
 []


Underfull \hbox (badness 10000) in paragraph at lines 127--127
[]|\OT1/cmr/m/n/12 Karapunar, Baran and
 []


Underfull \hbox (badness 1946) in paragraph at lines 129--129
\OT1/cmr/m/n/12 in the Early Juras-sic bi-valve \OT1/cmr/m/it/12 Nicaniella
 []


Underfull \hbox (badness 1509) in paragraph at lines 131--131
[]|\OT1/cmr/m/n/12 There could be mis-in-ter-pre-ta-tion of the
 []


Underfull \hbox (badness 2050) in paragraph at lines 140--140
[]|\OT1/cmr/m/n/12 Convolutional neu-ral net-
 []


Underfull \hbox (badness 10000) in paragraph at lines 140--140
\OT1/cmr/m/n/12 GNet, Inception-ResNet,
 []


Underfull \hbox (badness 10000) in paragraph at lines 146--146
[]|\OT1/cmr/m/n/12 Neural net-work ana-lysis
 []


Underfull \hbox (badness 2582) in paragraph at lines 146--146
\OT1/cmr/m/n/12 (su-per-vised learn-ing) and
 []


Underfull \hbox (badness 2932) in paragraph at lines 146--146
\OT1/cmr/m/n/12 Gaus-sian mix-ture mod-els
 []


Underfull \hbox (badness 1688) in paragraph at lines 148--148
[]|\OT1/cmr/m/n/12 Combining ge-o-met-ric mor-pho-met-rics and
 []


Underfull \hbox (badness 2478) in paragraph at lines 149--149
[]|\OT1/cmr/m/n/12 Difficulty clas-si-fy-ing in-ter-me-di-ate phe-no-
 []


Underfull \hbox (badness 10000) in paragraph at lines 157--157
[]|\OT1/cmr/m/n/12 Fedor Lishchenko and
 []


Underfull \hbox (badness 10000) in paragraph at lines 158--158
[]|\OT1/cmr/m/n/12 Landmark- and outline-
 []


Underfull \hbox (badness 1067) in paragraph at lines 158--158
\OT1/cmr/m/n/12 based Ge-o-met-ric Mor-pho-
 []


Underfull \hbox (badness 10000) in paragraph at lines 164--164
[]|\OT1/cmr/m/n/12 Morphological reg-u-lated
 []


Underfull \hbox (badness 10000) in paragraph at lines 164--164
\OT1/cmr/m/n/12 vari-a-tional Au-toEn-coder
 []


Underfull \hbox (badness 1418) in paragraph at lines 165--165
\OT1/cmr/m/n/12 ods, such as a mod-i-fied vari-a-tional au-
 []


Underfull \hbox (badness 10000) in paragraph at lines 169--169
[]|\OT1/cmr/m/n/12 Barrera-Hernandez, R.
 []


Underfull \hbox (badness 10000) in paragraph at lines 170--170
[]|\OT1/cmr/m/n/12 Machine learn-ing al-go-
 []


Underfull \hbox (badness 10000) in paragraph at lines 175--175
[]|\OT1/cmr/m/n/12 Concepcion, R. and
 []


Underfull \hbox (badness 10000) in paragraph at lines 176--176
[]|\OT1/cmr/m/n/12 EfficientNet-Bo,
 []


Underfull \hbox (badness 4779) in paragraph at lines 176--176
\OT1/cmr/m/n/12 ResNet101, Mo-bileNetV2,
 []


Underfull \hbox (badness 1755) in paragraph at lines 178--178
\OT1/cmr/m/n/12 trace-abil-ity pro-vide faster, cheaper, and
 []

[26] [27]) [28]
\openout2 = `chapter_3.aux'.

 (chapter_3.tex
Chapter 3.

Underfull \vbox (badness 10000) has occurred while \output is active []

 [29




]
Underfull \vbox (badness 10000) has occurred while \output is active []

 [30]
<figures/female.png, id=176, 1402.5198pt x 220.6644pt>
File: figures/female.png Graphic file (type png)
<use figures/female.png>
Package pdftex.def Info: figures/female.png  used on input line 25.
(pdftex.def)             Requested size: 373.99469pt x 58.84279pt.
<figures/male.png, id=177, 1414.5648pt x 205.4877pt>
File: figures/male.png Graphic file (type png)
<use figures/male.png>
Package pdftex.def Info: figures/male.png  used on input line 32.
(pdftex.def)             Requested size: 373.99469pt x 54.32855pt.

Underfull \vbox (badness 10000) has occurred while \output is active []

 [31 <./figures/female.png (PNG copy)> <./figures/male.png (PNG copy)>]
<figures/camera_views.png, id=181, 1409.265pt x 228.1323pt>
File: figures/camera_views.png Graphic file (type png)
<use figures/camera_views.png>
Package pdftex.def Info: figures/camera_views.png  used on input line 52.
(pdftex.def)             Requested size: 373.99469pt x 60.5418pt.

Underfull \vbox (badness 1939) has occurred while \output is active []

 [32 <./figures/camera_views.png (PNG copy)>]
<figures/linear_measurements.png, id=185, 1560.5502pt x 443.4969pt>
File: figures/linear_measurements.png Graphic file (type png)
<use figures/linear_measurements.png>
Package pdftex.def Info: figures/linear_measurements.png  used on input line 68
.
(pdftex.def)             Requested size: 394.77359pt x 112.18678pt.

Underfull \vbox (badness 10000) has occurred while \output is active []

 [33]
<figures/setup.jpg, id=190, 1128.46594pt x 1128.46594pt>
File: figures/setup.jpg Graphic file (type jpg)
<use figures/setup.jpg>
Package pdftex.def Info: figures/setup.jpg  used on input line 82.
(pdftex.def)             Requested size: 166.21844pt x 166.21483pt.

[34 <./figures/linear_measurements.png (PNG copy)>]
Overfull \hbox (1.72049pt too wide) in paragraph at lines 95--96
\OT1/cmr/m/n/12 tion. The study uti-lized col-lected vari-ables in-clud-ing lin
-ear mea-sure-ments|length,
 []


Underfull \vbox (badness 10000) has occurred while \output is active []

 [35 <./figures/setup.jpg>]
<figures/pipeline.png, id=198, 690.32906pt x 152.82094pt>
File: figures/pipeline.png Graphic file (type png)
<use figures/pipeline.png>
Package pdftex.def Info: figures/pipeline.png  used on input line 104.
(pdftex.def)             Requested size: 415.55249pt x 91.99406pt.
 [36 <./figures/pipeline.png (PNG copy)>]
Underfull \vbox (badness 10000) has occurred while \output is active []

 [37]
[38]
<figures/cv.png, id=209, 736.7525pt x 453.695pt>
File: figures/cv.png Graphic file (type png)
<use figures/cv.png>
Package pdftex.def Info: figures/cv.png  used on input line 151.
(pdftex.def)             Requested size: 332.44325pt x 204.71469pt.
 [39 <./figures/cv.png>]
Underfull \vbox (badness 10000) has occurred while \output is active []

 [40]
<figures/male_shadows_removed.png, id=218, 854.2314pt x 150.3216pt>
File: figures/male_shadows_removed.png Graphic file (type png)
<use figures/male_shadows_removed.png>
Package pdftex.def Info: figures/male_shadows_removed.png  used on input line 1
78.
(pdftex.def)             Requested size: 415.55249pt x 73.12607pt.
<figures/female_shadows_removed.png, id=219, 854.2314pt x 150.3216pt>
File: figures/female_shadows_removed.png Graphic file (type png)
<use figures/female_shadows_removed.png>
Package pdftex.def Info: figures/female_shadows_removed.png  used on input line
 185.
(pdftex.def)             Requested size: 415.55249pt x 73.12607pt.

[41 <./figures/male_shadows_removed.png> <./figures/female_shadows_removed.png>
]
<figures/cnn_architecture.png, id=225, 1334.73656pt x 414.79968pt>
File: figures/cnn_architecture.png Graphic file (type png)
<use figures/cnn_architecture.png>
Package pdftex.def Info: figures/cnn_architecture.png  used on input line 197.
(pdftex.def)             Requested size: 415.55249pt x 129.14355pt.
 [42 <./figures/cnn_architecture.png (PNG copy)>]
Underfull \vbox (badness 10000) has occurred while \output is active []

 [43]
<figures/skf.png, id=233, 402.50375pt x 332.24126pt>
File: figures/skf.png Graphic file (type png)
<use figures/skf.png>
Package pdftex.def Info: figures/skf.png  used on input line 246.
(pdftex.def)             Requested size: 249.33403pt x 205.81pt.


LaTeX Warning: `h' float specifier changed to `ht'.

[44]
<figures/data_augmentation.png, id=237, 885.3075pt x 646.66594pt>
File: figures/data_augmentation.png Graphic file (type png)
<use figures/data_augmentation.png>
Package pdftex.def Info: figures/data_augmentation.png  used on input line 262.

(pdftex.def)             Requested size: 249.33403pt x 182.12102pt.


LaTeX Warning: `h' float specifier changed to `ht'.

[45 <./figures/skf.png>]
Underfull \vbox (badness 10000) has occurred while \output is active []

 [46 <./figures/data_augmentation.png (PNG copy)>]
Underfull \vbox (badness 10000) has occurred while \output is active []

 [47])
Underfull \vbox (badness 10000) has occurred while \output is active []

 [48]
[49]
\openout2 = `chapter_4.aux'.

 (chapter_4.tex [50




]
Chapter 4.

Underfull \vbox (badness 10000) has occurred while \output is active []

 [51]
<figures/heatmap.png, id=263, 392.96812pt x 545.03625pt>
File: figures/heatmap.png Graphic file (type png)
<use figures/heatmap.png>
Package pdftex.def Info: figures/heatmap.png  used on input line 19.
(pdftex.def)             Requested size: 166.21844pt x 230.54372pt.

[52 <./figures/heatmap.png>]
Underfull \vbox (badness 10000) has occurred while \output is active []

 [53]
[54]
<figures/kw.png, id=275, 721.94719pt x 442.65375pt>
File: figures/kw.png Graphic file (type png)
<use figures/kw.png>
Package pdftex.def Info: figures/kw.png  used on input line 104.
(pdftex.def)             Requested size: 332.44325pt x 203.83257pt.
 [55]
Underfull \vbox (badness 10000) has occurred while \output is active []

 [56 <./figures/kw.png>]
Underfull \vbox (badness 1281) has occurred while \output is active []

 [57]
<figures/confusion_matrix_ml.png, id=287, 569.12625pt x 444.91219pt>
File: figures/confusion_matrix_ml.png Graphic file (type png)
<use figures/confusion_matrix_ml.png>
Package pdftex.def Info: figures/confusion_matrix_ml.png  used on input line 16
7.
(pdftex.def)             Requested size: 332.44325pt x 259.8958pt.

[58]
<figures/roc_ml.png, id=291, 570.933pt x 422.0568pt>
File: figures/roc_ml.png Graphic file (type png)
<use figures/roc_ml.png>
Package pdftex.def Info: figures/roc_ml.png  used on input line 177.
(pdftex.def)             Requested size: 332.44325pt x 245.76555pt.
 [59 <./figures/confusion_matrix_ml.png>] [60 <./figures/roc_ml.png>]
Underfull \vbox (badness 10000) has occurred while \output is active []

 [61]
Underfull \vbox (badness 10000) has occurred while \output is active []

 [62]
Underfull \vbox (badness 10000) has occurred while \output is active []

 [63]
[64] [65] [66]
<figures/acc_epoch.png, id=319, 1074.6549pt x 354.123pt>
File: figures/acc_epoch.png Graphic file (type png)
<use figures/acc_epoch.png>
Package pdftex.def Info: figures/acc_epoch.png  used on input line 359.
(pdftex.def)             Requested size: 332.44325pt x 109.55003pt.
<figures/avg_acc.png, id=320, 1445.4pt x 813.0375pt>
File: figures/avg_acc.png Graphic file (type png)
<use figures/avg_acc.png>
Package pdftex.def Info: figures/avg_acc.png  used on input line 368.
(pdftex.def)             Requested size: 332.44325pt x 186.99469pt.
 [67 <./figures/acc_epoch.png>]
<figures/loss_epoch.png, id=325, 1074.6549pt x 354.123pt>
File: figures/loss_epoch.png Graphic file (type png)
<use figures/loss_epoch.png>
Package pdftex.def Info: figures/loss_epoch.png  used on input line 379.
(pdftex.def)             Requested size: 332.44325pt x 109.55003pt.
 [68 <./figures/avg_acc.png> <./figures/loss_epoch.png>]
<figures/avg_loss.png, id=331, 1445.4pt x 813.0375pt>
File: figures/avg_loss.png Graphic file (type png)
<use figures/avg_loss.png>
Package pdftex.def Info: figures/avg_loss.png  used on input line 388.
(pdftex.def)             Requested size: 332.44325pt x 186.99469pt.
 [69 <./figures/avg_loss.png>]
<figures/cm_dl.png, id=337, 711.3189pt x 569.05511pt>
File: figures/cm_dl.png Graphic file (type png)
<use figures/cm_dl.png>
Package pdftex.def Info: figures/cm_dl.png  used on input line 399.
(pdftex.def)             Requested size: 332.44325pt x 265.95377pt.
 [70 <./figures/cm_dl.png>]
<figures/roc.png, id=342, 507.3354pt x 395.3169pt>
File: figures/roc.png Graphic file (type png)
<use figures/roc.png>
Package pdftex.def Info: figures/roc.png  used on input line 409.
(pdftex.def)             Requested size: 249.33403pt x 194.28001pt.
[71 <./figures/roc.png>]
Underfull \vbox (badness 10000) has occurred while \output is active []

 [72])
[73]
\openout2 = `chapter_5.aux'.

 (chapter_5.tex [74




]
Chapter 5.

Underfull \vbox (badness 10000) has occurred while \output is active []

 [75]
Underfull \vbox (badness 10000) has occurred while \output is active []

 [76])
Underfull \vbox (badness 10000) has occurred while \output is active []

 [77]
[78]
\openout2 = `chapter_6.aux'.

 (chapter_6.tex
Chapter 6.
(SP-name.bbl
Underfull \hbox (badness 1043) in paragraph at lines 152--165
[]\OT1/cmr/m/n/12 Awan, A. A.  (2022, Novem-ber).  \OT1/cmr/m/it/12 A com-plete
 guide to data aug-men-ta-
 []


Underfull \vbox (badness 10000) has occurred while \output is active []

 [79




]
[80] [81]
Underfull \hbox (badness 10000) in paragraph at lines 678--685
\OT1/cmtt/m/n/12 fao [] -2024 [] -report [] -sustainable [] -aquatic [] -food [
] -systems [] -important [] -for []
 []


Underfull \hbox (badness 5954) in paragraph at lines 729--742
[]\OT1/cmr/m/n/12 GeeksforGeeks.  (2020, Au-gust 6).  \OT1/cmr/m/it/12 Strat-i-
fied k fold cross val-i-da-
 []

[82] [83] [84]
Underfull \hbox (badness 1210) in paragraph at lines 1356--1371
\OT1/cmr/m/n/12 Re-trieved from $\OT1/cmtt/m/n/12 https :// diogoribeiro7 [] .g
ithub [] .io / statistics / data %
 []

[85])) [86]
\openout2 = `appendix_A.aux'.

 (appendix_A.tex
Appendix A.
<figures/feature_engineering.png, id=394, 391.4625pt x 91.84312pt>
File: figures/feature_engineering.png Graphic file (type png)
<use figures/feature_engineering.png>
Package pdftex.def Info: figures/feature_engineering.png  used on input line 26
.
(pdftex.def)             Requested size: 373.99469pt x 87.74934pt.
<figures/feature_importance.png, id=395, 494.59781pt x 134.00063pt>
File: figures/feature_importance.png Graphic file (type png)
<use figures/feature_importance.png>
Package pdftex.def Info: figures/feature_importance.png  used on input line 32.

(pdftex.def)             Requested size: 373.99469pt x 101.32625pt.
<figures/random_undersampling_ML.png, id=396, 300.3722pt x 82.80937pt>
File: figures/random_undersampling_ML.png Graphic file (type png)
<use figures/random_undersampling_ML.png>
Package pdftex.def Info: figures/random_undersampling_ML.png  used on input lin
e 38.
(pdftex.def)             Requested size: 373.99469pt x 103.11469pt.
<figures/ml_five fold_cv.png, id=397, 493.0922pt x 394.47375pt>
File: figures/ml_five fold_cv.png Graphic file (type png)
<use figures/ml_five fold_cv.png>
Package pdftex.def Info: figures/ml_five fold_cv.png  used on input line 44.
(pdftex.def)             Requested size: 373.99469pt x 299.20726pt.
[87




 <./figures/feature_engineering.png>]
<figures/same_dimensions.png, id=403, 234.8775pt x 130.98938pt>
File: figures/same_dimensions.png Graphic file (type png)
<use figures/same_dimensions.png>
Package pdftex.def Info: figures/same_dimensions.png  used on input line 56.
(pdftex.def)             Requested size: 373.99469pt x 208.5739pt.
<figures/shadow_remove.png, id=404, 383.93437pt x 370.38374pt>
File: figures/shadow_remove.png Graphic file (type png)
<use figures/shadow_remove.png>
Package pdftex.def Info: figures/shadow_remove.png  used on input line 62.
(pdftex.def)             Requested size: 373.99469pt x 360.82033pt.
 [88 <./figures/feature_importance.png> <./figures/random_undersampling_ML.png>
] [89 <./figures/ml_five fold_cv.png> <./figures/same_dimensions.png>] [90 <./f
igures/shadow_remove.png>]
<figures/random_undersampling_DL.png, id=419, 383.93437pt x 140.02313pt>
File: figures/random_undersampling_DL.png Graphic file (type png)
<use figures/random_undersampling_DL.png>
Package pdftex.def Info: figures/random_undersampling_DL.png  used on input lin
e 76.
(pdftex.def)             Requested size: 373.99469pt x 136.40768pt.
<figures/live_augmentation.png, id=420, 194.97844pt x 60.97781pt>
File: figures/live_augmentation.png Graphic file (type png)
<use figures/live_augmentation.png>
Package pdftex.def Info: figures/live_augmentation.png  used on input line 82.
(pdftex.def)             Requested size: 373.99469pt x 116.96902pt.
<figures/CNN_layers.png, id=421, 245.41687pt x 158.09062pt>
File: figures/CNN_layers.png Graphic file (type png)
<use figures/CNN_layers.png>
Package pdftex.def Info: figures/CNN_layers.png  used on input line 88.
(pdftex.def)             Requested size: 373.99469pt x 240.925pt.
<figures/avoid_overfitting.png, id=422, 462.22687pt x 115.18031pt>
File: figures/avoid_overfitting.png Graphic file (type png)
<use figures/avoid_overfitting.png>
Package pdftex.def Info: figures/avoid_overfitting.png  used on input line 94.
(pdftex.def)             Requested size: 373.99469pt x 93.19534pt.
) [91 <./figures/random_undersampling_DL.png>] [92 <./figures/live_augmentation
.png> <./figures/CNN_layers.png> <./figures/avoid_overfitting.png>]
\openout2 = `appendix_B.aux'.

 (appendix_B.tex
Appendix B.

Underfull \hbox (badness 10000) in paragraph at lines 37--38

 []


Underfull \hbox (badness 10000) in paragraph at lines 39--40

 []

[93




]
Underfull \hbox (badness 10000) in paragraph at lines 42--43

 []


Underfull \hbox (badness 10000) in paragraph at lines 44--45

 []


Underfull \hbox (badness 10000) in paragraph at lines 46--47

 []

)
Underfull \hbox (badness 10000) in paragraph at lines 48--36

 []

[94]
\openout2 = `appendix_C.aux'.

 (appendix_C.tex
Appendix C.
<figures/spawning.jpg, id=440, 3481.005pt x 4641.34pt>
File: figures/spawning.jpg Graphic file (type jpg)
<use figures/spawning.jpg>
Package pdftex.def Info: figures/spawning.jpg  used on input line 23.
(pdftex.def)             Requested size: 166.21844pt x 221.59908pt.
<figures/spawning_separated.jpg, id=441, 2055.68pt x 924.45375pt>
File: figures/spawning_separated.jpg Graphic file (type jpg)
<use figures/spawning_separated.jpg>
Package pdftex.def Info: figures/spawning_separated.jpg  used on input line 29.

(pdftex.def)             Requested size: 228.55513pt x 102.77638pt.
<figures/dissecting_female.jpg, id=442, 3481.005pt x 4641.34pt>
File: figures/dissecting_female.jpg Graphic file (type jpg)
<use figures/dissecting_female.jpg>
Package pdftex.def Info: figures/dissecting_female.jpg  used on input line 35.
(pdftex.def)             Requested size: 166.21844pt x 221.59908pt.
<figures/dissecting male.jpg, id=443, 3481.005pt x 4641.34pt>
File: figures/dissecting male.jpg Graphic file (type jpg)
<use figures/dissecting male.jpg>
Package pdftex.def Info: figures/dissecting male.jpg  used on input line 41.
(pdftex.def)             Requested size: 166.21844pt x 221.59908pt.
<figures/female_dataset.png, id=444, 620.3175pt x 338.76563pt>
File: figures/female_dataset.png Graphic file (type png)
<use figures/female_dataset.png>
Package pdftex.def Info: figures/female_dataset.png  used on input line 47.
(pdftex.def)             Requested size: 249.33403pt x 136.16548pt.
<figures/male_dataset.png, id=445, 481.8pt x 347.79938pt>
File: figures/male_dataset.png Graphic file (type png)
<use figures/male_dataset.png>
Package pdftex.def Info: figures/male_dataset.png  used on input line 53.
(pdftex.def)             Requested size: 249.33403pt x 179.98636pt.
[95




 <./figures/spawning.jpg>] [96 <./figures/spawning_separated.jpg> <./figures/di
ssecting_female.jpg> <./figures/dissecting male.jpg>] [97 <./figures/female_dat
aset.png> <./figures/male_dataset.png>]
<figures/female_dataset(img).png, id=457, 759.33687pt x 301.62688pt>
File: figures/female_dataset(img).png Graphic file (type png)
<use figures/female_dataset(img).png>
Package pdftex.def Info: figures/female_dataset(img).png  used on input line 60
.
(pdftex.def)             Requested size: 332.44325pt x 132.05807pt.
<figures/male_dataset(img).png, id=458, 760.34062pt x 302.63063pt>
File: figures/male_dataset(img).png Graphic file (type png)
<use figures/male_dataset(img).png>
Package pdftex.def Info: figures/male_dataset(img).png  used on input line 67.
(pdftex.def)             Requested size: 332.44325pt x 132.32207pt.
) [98 <./figures/female_dataset(img).png> <./figures/male_dataset(img).png>] (S
P-name.aux (title_page.aux)
(approval.aux) (declaration.aux) (dedication.aux) (acknowledgment.aux)
(abstract.aux) (chapter_1.aux) (chapter_2.aux) (chapter_3.aux) (chapter_4.aux)
(chapter_5.aux) (chapter_6.aux) (appendix_A.aux) (appendix_B.aux)
(appendix_C.aux))
 ***********
LaTeX2e <2023-11-01> patch level 1
L3 programming layer <2024-01-04>
 ***********
 ) 
Here is how much of TeX's memory you used:
 8400 strings out of 474486
 141386 string characters out of 5744227
 1964542 words of memory out of 5000000
 30421 multiletter control sequences out of 15000+600000
 569601 words of font info for 78 fonts, out of 8000000 for 9000
 1143 hyphenation exceptions out of 8191
 79i,17n,84p,1795b,572s stack positions out of 10000i,1000n,20000p,200000b,200000s
 <C:\Users\Kane\AppData\Local\MiKTeX\fonts/pk/ljfour/jknappen/ec/dpi600\tcrm1
200.pk><C:/Users/Kane/AppData/Local/Programs/MiKTeX/fonts/type1/public/amsfonts
/cm/cmbx10.pfb><C:/Users/Kane/AppData/Local/Programs/MiKTeX/fonts/type1/public/
amsfonts/cm/cmbx12.pfb><C:/Users/Kane/AppData/Local/Programs/MiKTeX/fonts/type1
/public/amsfonts/cm/cmbxti10.pfb><C:/Users/Kane/AppData/Local/Programs/MiKTeX/f
onts/type1/public/amsfonts/cm/cmcsc10.pfb><C:/Users/Kane/AppData/Local/Programs
/MiKTeX/fonts/type1/public/amsfonts/cm/cmmi12.pfb><C:/Users/Kane/AppData/Local/
Programs/MiKTeX/fonts/type1/public/amsfonts/cm/cmr10.pfb><C:/Users/Kane/AppData
/Local/Programs/MiKTeX/fonts/type1/public/amsfonts/cm/cmr12.pfb><C:/Users/Kane/
AppData/Local/Programs/MiKTeX/fonts/type1/public/amsfonts/cm/cmsl12.pfb><C:/Use
rs/Kane/AppData/Local/Programs/MiKTeX/fonts/type1/public/amsfonts/cm/cmsy10.pfb
><C:/Users/Kane/AppData/Local/Programs/MiKTeX/fonts/type1/public/amsfonts/cm/cm
ti12.pfb><C:/Users/Kane/AppData/Local/Programs/MiKTeX/fonts/type1/public/amsfon
ts/cm/cmtt12.pfb>
Output written on SP-name.pdf (120 pages, 37865581 bytes).
PDF statistics:
 520 PDF objects out of 1000 (max. 8388607)
 0 named destinations out of 1000 (max. 500000)
 206 words of extra memory for PDF output out of 10000 (max. 10000000)

