This is pdfTeX, Version 3.141592653-2.6-1.40.25 (MiKTeX 24.1) (preloaded format=pdflatex 2024.12.1)  6 MAY 2025 20:16
entering extended mode
 restricted \write18 enabled.
 %&-line parsing enabled.
**./main.tex
(main.tex
LaTeX2e <2023-11-01> patch level 1
L3 programming layer <2024-01-04>

LaTeX Warning: \include should only be used after \begin{document} on input lin
e 3.

(preamble.tex
(C:\Users\Kane\AppData\Local\Programs\MiKTeX\tex/latex/base\report.cls
Document Class: report 2023/05/17 v1.4n Standard LaTeX document class
(C:\Users\Kane\AppData\Local\Programs\MiKTeX\tex/latex/base\size12.clo
File: size12.clo 2023/05/17 v1.4n Standard LaTeX file (size option)
)
\c@part=\count187
\c@chapter=\count188
\c@section=\count189
\c@subsection=\count190
\c@subsubsection=\count191
\c@paragraph=\count192
\c@subparagraph=\count193
\c@figure=\count194
\c@table=\count195
\abovecaptionskip=\skip48
\belowcaptionskip=\skip49
\bibindent=\dimen140
)
(C:\Users\Kane\AppData\Local\Programs\MiKTeX\tex/latex/pdfpages\pdfpages.sty
Package: pdfpages 2024/10/28 v0.6c Insert pages of external PDF documents (AM)

(C:\Users\Kane\AppData\Local\Programs\MiKTeX\tex/latex/base\ifthen.sty
Package: ifthen 2022/04/13 v1.1d Standard LaTeX ifthen package (DPC)
)
(C:\Users\Kane\AppData\Local\Programs\MiKTeX\tex/latex/tools\calc.sty
Package: calc 2023/07/08 v4.3 Infix arithmetic (KKT,FJ)
\calc@Acount=\count196
\calc@Bcount=\count197
\calc@Adimen=\dimen141
\calc@Bdimen=\dimen142
\calc@Askip=\skip50
\calc@Bskip=\skip51
LaTeX Info: Redefining \setlength on input line 80.
LaTeX Info: Redefining \addtolength on input line 81.
\calc@Ccount=\count198
\calc@Cskip=\skip52
)
(C:\Users\Kane\AppData\Local\Programs\MiKTeX\tex/latex/eso-pic\eso-pic.sty
Package: eso-pic 2023/05/03 v3.0c eso-pic (RN)
\ESO@tempdima=\dimen143
\ESO@tempdimb=\dimen144

(C:\Users\Kane\AppData\Local\Programs\MiKTeX\tex/latex/graphics\keyval.sty
Package: keyval 2022/05/29 v1.15 key=value parser (DPC)
\KV@toks@=\toks17
)
(C:\Users\Kane\AppData\Local\Programs\MiKTeX\tex/latex/xcolor\xcolor.sty
Package: xcolor 2023/11/15 v3.01 LaTeX color extensions (UK)

(C:\Users\Kane\AppData\Local\Programs\MiKTeX\tex/latex/graphics-cfg\color.cfg
File: color.cfg 2016/01/02 v1.6 sample color configuration
)
Package xcolor Info: Driver file: pdftex.def on input line 274.

(C:\Users\Kane\AppData\Local\Programs\MiKTeX\tex/latex/graphics-def\pdftex.def
File: pdftex.def 2022/09/22 v1.2b Graphics/color driver for pdftex
) (C:\Users\Kane\AppData\Local\Programs\MiKTeX\tex/latex/graphics\mathcolor.ltx
)
Package xcolor Info: Model `cmy' substituted by `cmy0' on input line 1350.
Package xcolor Info: Model `hsb' substituted by `rgb' on input line 1354.
Package xcolor Info: Model `RGB' extended on input line 1366.
Package xcolor Info: Model `HTML' substituted by `rgb' on input line 1368.
Package xcolor Info: Model `Hsb' substituted by `hsb' on input line 1369.
Package xcolor Info: Model `tHsb' substituted by `hsb' on input line 1370.
Package xcolor Info: Model `HSB' substituted by `hsb' on input line 1371.
Package xcolor Info: Model `Gray' substituted by `gray' on input line 1372.
Package xcolor Info: Model `wave' substituted by `hsb' on input line 1373.
)) (C:\Users\Kane\AppData\Local\Programs\MiKTeX\tex/latex/graphics\graphicx.sty
Package: graphicx 2021/09/16 v1.2d Enhanced LaTeX Graphics (DPC,SPQR)
(C:\Users\Kane\AppData\Local\Programs\MiKTeX\tex/latex/graphics\graphics.sty
Package: graphics 2022/03/10 v1.4e Standard LaTeX Graphics (DPC,SPQR)

(C:\Users\Kane\AppData\Local\Programs\MiKTeX\tex/latex/graphics\trig.sty
Package: trig 2021/08/11 v1.11 sin cos tan (DPC)
)
(C:\Users\Kane\AppData\Local\Programs\MiKTeX\tex/latex/graphics-cfg\graphics.cf
g
File: graphics.cfg 2016/06/04 v1.11 sample graphics configuration
)
Package graphics Info: Driver file: pdftex.def on input line 107.
)
\Gin@req@height=\dimen145
\Gin@req@width=\dimen146
)
\AM@pagewidth=\dimen147
\AM@pageheight=\dimen148
\AM@fboxrule=\dimen149

(C:\Users\Kane\AppData\Local\Programs\MiKTeX\tex/latex/pdfpages\pppdftex.def
File: pppdftex.def 2024/10/28 v0.6c Pdfpages driver for pdfTeX (AM)
)
\pdfpages@includegraphics@status=\count199
\AM@pagebox=\box51
\AM@global@opts=\toks18
\AM@pagecnt=\count266
\AM@toc@title=\toks19
\AM@lof@heading=\toks20
\c@AM@survey=\count267
\AM@templatesizebox=\box52
)
(C:\Users\Kane\AppData\Local\Programs\MiKTeX\tex/latex/apacite\apacite.sty
Package: apacite 2013/07/21 v6.03 APA citation
\c@BibCnt=\count268
\bibleftmargin=\skip53
\bibindent=\skip54
\bibparsep=\skip55
\bibitemsep=\skip56
\biblabelsep=\skip57
)
(C:\Users\Kane\AppData\Local\Programs\MiKTeX\tex/latex/amsmath\amsmath.sty
Package: amsmath 2023/05/13 v2.17o AMS math features
\@mathmargin=\skip58

For additional information on amsmath, use the `?' option.
(C:\Users\Kane\AppData\Local\Programs\MiKTeX\tex/latex/amsmath\amstext.sty
Package: amstext 2021/08/26 v2.01 AMS text

(C:\Users\Kane\AppData\Local\Programs\MiKTeX\tex/latex/amsmath\amsgen.sty
File: amsgen.sty 1999/11/30 v2.0 generic functions
\@emptytoks=\toks21
\ex@=\dimen150
))
(C:\Users\Kane\AppData\Local\Programs\MiKTeX\tex/latex/amsmath\amsbsy.sty
Package: amsbsy 1999/11/29 v1.2d Bold Symbols
\pmbraise@=\dimen151
)
(C:\Users\Kane\AppData\Local\Programs\MiKTeX\tex/latex/amsmath\amsopn.sty
Package: amsopn 2022/04/08 v2.04 operator names
)
\inf@bad=\count269
LaTeX Info: Redefining \frac on input line 234.
\uproot@=\count270
\leftroot@=\count271
LaTeX Info: Redefining \overline on input line 399.
LaTeX Info: Redefining \colon on input line 410.
\classnum@=\count272
\DOTSCASE@=\count273
LaTeX Info: Redefining \ldots on input line 496.
LaTeX Info: Redefining \dots on input line 499.
LaTeX Info: Redefining \cdots on input line 620.
\Mathstrutbox@=\box53
\strutbox@=\box54
LaTeX Info: Redefining \big on input line 722.
LaTeX Info: Redefining \Big on input line 723.
LaTeX Info: Redefining \bigg on input line 724.
LaTeX Info: Redefining \Bigg on input line 725.
\big@size=\dimen152
LaTeX Font Info:    Redeclaring font encoding OML on input line 743.
LaTeX Font Info:    Redeclaring font encoding OMS on input line 744.
\macc@depth=\count274
LaTeX Info: Redefining \bmod on input line 905.
LaTeX Info: Redefining \pmod on input line 910.
LaTeX Info: Redefining \smash on input line 940.
LaTeX Info: Redefining \relbar on input line 970.
LaTeX Info: Redefining \Relbar on input line 971.
\c@MaxMatrixCols=\count275
\dotsspace@=\muskip16
\c@parentequation=\count276
\dspbrk@lvl=\count277
\tag@help=\toks22
\row@=\count278
\column@=\count279
\maxfields@=\count280
\andhelp@=\toks23
\eqnshift@=\dimen153
\alignsep@=\dimen154
\tagshift@=\dimen155
\tagwidth@=\dimen156
\totwidth@=\dimen157
\lineht@=\dimen158
\@envbody=\toks24
\multlinegap=\skip59
\multlinetaggap=\skip60
\mathdisplay@stack=\toks25
LaTeX Info: Redefining \[ on input line 2953.
LaTeX Info: Redefining \] on input line 2954.
)
(C:\Users\Kane\AppData\Local\Programs\MiKTeX\tex/latex/amsfonts\amsfonts.sty
Package: amsfonts 2013/01/14 v3.01 Basic AMSFonts support
\symAMSa=\mathgroup4
\symAMSb=\mathgroup5
LaTeX Font Info:    Redeclaring math symbol \hbar on input line 98.
LaTeX Font Info:    Overwriting math alphabet `\mathfrak' in version `bold'
(Font)                  U/euf/m/n --> U/euf/b/n on input line 106.
)
(C:\Users\Kane\AppData\Local\Programs\MiKTeX\tex/latex/amsfonts\amssymb.sty
Package: amssymb 2013/01/14 v3.01 AMS font symbols
)
(C:\Users\Kane\AppData\Local\Programs\MiKTeX\tex/latex/tools\verbatim.sty
Package: verbatim 2023-11-06 v1.5v LaTeX2e package for verbatim enhancements
\every@verbatim=\toks26
\verbatim@line=\toks27
\verbatim@in@stream=\read2
)
(C:\Users\Kane\AppData\Local\Programs\MiKTeX\tex/latex/url\url.sty
\Urlmuskip=\muskip17
Package: url 2013/09/16  ver 3.4  Verb mode for urls, etc.
)
(C:\Users\Kane\AppData\Local\Programs\MiKTeX\tex/latex/adjustbox\adjustbox.sty
Package: adjustbox 2022/10/17 v1.3a Adjusting TeX boxes (trim, clip, ...)

(C:\Users\Kane\AppData\Local\Programs\MiKTeX\tex/latex/xkeyval\xkeyval.sty
Package: xkeyval 2022/06/16 v2.9 package option processing (HA)

(C:\Users\Kane\AppData\Local\Programs\MiKTeX\tex/generic/xkeyval\xkeyval.tex
(C:\Users\Kane\AppData\Local\Programs\MiKTeX\tex/generic/xkeyval\xkvutils.tex
\XKV@toks=\toks28
\XKV@tempa@toks=\toks29
)
\XKV@depth=\count281
File: xkeyval.tex 2014/12/03 v2.7a key=value parser (HA)
)) (C:\Users\Kane\AppData\Local\Programs\MiKTeX\tex/latex/adjustbox\adjcalc.sty
Package: adjcalc 2012/05/16 v1.1 Provides advanced setlength with multiple back
-ends (calc, etex, pgfmath)
) (C:\Users\Kane\AppData\Local\Programs\MiKTeX\tex/latex/adjustbox\trimclip.sty
Package: trimclip 2020/08/19 v1.2 Trim and clip general TeX material

(C:\Users\Kane\AppData\Local\Programs\MiKTeX\tex/latex/collectbox\collectbox.st
y
Package: collectbox 2022/10/17 v0.4c Collect macro arguments as boxes
\collectedbox=\box55
)
\tc@llx=\dimen159
\tc@lly=\dimen160
\tc@urx=\dimen161
\tc@ury=\dimen162
Package trimclip Info: Using driver 'tc-pdftex.def'.

(C:\Users\Kane\AppData\Local\Programs\MiKTeX\tex/latex/adjustbox\tc-pdftex.def
File: tc-pdftex.def 2019/01/04 v2.2 Clipping driver for pdftex
))
\adjbox@Width=\dimen163
\adjbox@Height=\dimen164
\adjbox@Depth=\dimen165
\adjbox@Totalheight=\dimen166
\adjbox@pwidth=\dimen167
\adjbox@pheight=\dimen168
\adjbox@pdepth=\dimen169
\adjbox@ptotalheight=\dimen170

(C:\Users\Kane\AppData\Local\Programs\MiKTeX\tex/latex/ifoddpage\ifoddpage.sty
Package: ifoddpage 2022/10/18 v1.2 Conditionals for odd/even page detection
\c@checkoddpage=\count282
) (C:\Users\Kane\AppData\Local\Programs\MiKTeX\tex/latex/varwidth\varwidth.sty
Package: varwidth 2009/03/30 ver 0.92;  Variable-width minipages
\@vwid@box=\box56
\sift@deathcycles=\count283
\@vwid@loff=\dimen171
\@vwid@roff=\dimen172
)) (C:\Users\Kane\AppData\Local\Programs\MiKTeX\tex/latex/lineno\lineno.sty
Package: lineno 2023/05/20 line numbers on paragraphs v5.3

(C:\Users\Kane\AppData\Local\Programs\MiKTeX\tex/latex/etoolbox\etoolbox.sty
Package: etoolbox 2020/10/05 v2.5k e-TeX tools for LaTeX (JAW)
\etb@tempcnta=\count284
)
(C:\Users\Kane\AppData\Local\Programs\MiKTeX\tex/latex/kvoptions\kvoptions.sty
Package: kvoptions 2022-06-15 v3.15 Key value format for package options (HO)

(C:\Users\Kane\AppData\Local\Programs\MiKTeX\tex/generic/ltxcmds\ltxcmds.sty
Package: ltxcmds 2023-12-04 v1.26 LaTeX kernel commands for general use (HO)
)
(C:\Users\Kane\AppData\Local\Programs\MiKTeX\tex/latex/kvsetkeys\kvsetkeys.sty
Package: kvsetkeys 2022-10-05 v1.19 Key value parser (HO)
))
\linenopenalty=\count285
\output=\toks30
\linenoprevgraf=\count286
\linenumbersep=\dimen173
\linenumberwidth=\dimen174
\c@linenumber=\count287
\c@pagewiselinenumber=\count288
\c@LN@truepage=\count289
\c@internallinenumber=\count290
\c@internallinenumbers=\count291
\quotelinenumbersep=\dimen175
\bframerule=\dimen176
\bframesep=\dimen177
\bframebox=\box57
\linenoamsmath@ams@eqpen=\count292
LaTeX Info: Redefining \\ on input line 3180.
) (C:\Users\Kane\AppData\Local\Programs\MiKTeX\tex/latex/graphics\lscape.sty
Package: lscape 2020/05/28 v3.02 Landscape Pages (DPC)
)
(C:\Users\Kane\AppData\Local\Programs\MiKTeX\tex/latex/float\float.sty
Package: float 2001/11/08 v1.3d Float enhancements (AL)
\c@float@type=\count293
\float@exts=\toks31
\float@box=\box58
\@float@everytoks=\toks32
\@floatcapt=\box59
)
(C:\Users\Kane\AppData\Local\Programs\MiKTeX\tex/latex/colortbl\colortbl.sty
Package: colortbl 2024/07/06 v1.0i Color table columns (DPC)

(C:\Users\Kane\AppData\Local\Programs\MiKTeX\tex/latex/tools\array.sty
Package: array 2023/10/16 v2.5g Tabular extension package (FMi)
\col@sep=\dimen178
\ar@mcellbox=\box60
\extrarowheight=\dimen179
\NC@list=\toks33
\extratabsurround=\skip61
\backup@length=\skip62
\ar@cellbox=\box61
)
\everycr=\toks34
\minrowclearance=\skip63
\rownum=\count294
)

LaTeX Warning: Package "xcolor" has already been loaded: ignoring load-time
(LaTeX)        option "xcdraw".

)
(C:\Users\Kane\AppData\Local\Programs\MiKTeX\tex/latex/l3backend\l3backend-pdft
ex.def
File: l3backend-pdftex.def 2024-01-04 L3 backend support: PDF output (pdfTeX)
\l__color_backend_stack_int=\count295
\l__pdf_internal_box=\box62
)

LaTeX Warning: Unused global option(s):
    [onepage].

(main.aux (title_page.aux) (abstract.aux) (chapter_1.aux) (chapter_2.aux)
(chapter_3.aux) (chapter_4.aux) (chapter_5.aux) (appendix_A.aux)
(appendix_B.aux))
\openout1 = `main.aux'.

LaTeX Font Info:    Checking defaults for OML/cmm/m/it on input line 6.
LaTeX Font Info:    ... okay on input line 6.
LaTeX Font Info:    Checking defaults for OMS/cmsy/m/n on input line 6.
LaTeX Font Info:    ... okay on input line 6.
LaTeX Font Info:    Checking defaults for OT1/cmr/m/n on input line 6.
LaTeX Font Info:    ... okay on input line 6.
LaTeX Font Info:    Checking defaults for T1/cmr/m/n on input line 6.
LaTeX Font Info:    ... okay on input line 6.
LaTeX Font Info:    Checking defaults for TS1/cmr/m/n on input line 6.
LaTeX Font Info:    ... okay on input line 6.
LaTeX Font Info:    Checking defaults for OMX/cmex/m/n on input line 6.
LaTeX Font Info:    ... okay on input line 6.
LaTeX Font Info:    Checking defaults for U/cmr/m/n on input line 6.
LaTeX Font Info:    ... okay on input line 6.

(C:\Users\Kane\AppData\Local\Programs\MiKTeX\tex/context/base/mkii\supp-pdf.mki
i
[Loading MPS to PDF converter (version 2006.09.02).]
\scratchcounter=\count296
\scratchdimen=\dimen180
\scratchbox=\box63
\nofMPsegments=\count297
\nofMParguments=\count298
\everyMPshowfont=\toks35
\MPscratchCnt=\count299
\MPscratchDim=\dimen181
\MPnumerator=\count300
\makeMPintoPDFobject=\count301
\everyMPtoPDFconversion=\toks36
)
(C:\Users\Kane\AppData\Local\Programs\MiKTeX\tex/latex/epstopdf-pkg\epstopdf-ba
se.sty
Package: epstopdf-base 2020-01-24 v2.11 Base part for package epstopdf
Package epstopdf-base Info: Redefining graphics rule for `.eps' on input line 4
85.

(C:\Users\Kane\AppData\Local\Programs\MiKTeX\tex/latex/00miktex\epstopdf-sys.cf
g
File: epstopdf-sys.cfg 2021/03/18 v2.0 Configuration of epstopdf for MiKTeX
))
(C:\Users\Kane\AppData\Local\Programs\MiKTeX\tex/latex/pdflscape\pdflscape.sty
Package: pdflscape 2022-10-27 v0.13 Display of landscape pages in PDF

(C:\Users\Kane\AppData\Local\Programs\MiKTeX\tex/latex/pdflscape\pdflscape-nome
tadata.sty
Package: pdflscape-nometadata 2022-10-28 v0.13 Display of landscape pages in PD
F (HO)

(C:\Users\Kane\AppData\Local\Programs\MiKTeX\tex/generic/iftex\iftex.sty
Package: iftex 2022/02/03 v1.0f TeX engine tests
)
Package pdflscape Info: Auto-detected driver: pdftex on input line 81.
))
\c@maskedRefs=\count302

(C:\Users\Kane\AppData\Local\Programs\MiKTeX\tex/latex/apacite\english.apc
File: english.apc 2013/07/21 v6.03 apacite language file
LaTeX Info: Redefining \BPBI on input line 129.
LaTeX Info: Redefining \BHBI on input line 130.
)
\openout2 = `title_page.aux'.


(title_page.tex

LaTeX Font Warning: Font shape `OT1/cmr/m/scit' undefined
(Font)              using `OT1/cmr/m/it' instead on input line 6.

[1


{C:/Users/Kane/AppData/Local/MiKTeX/fonts/map/pdftex/pdftex.map}] [2])
\openout2 = `abstract.aux'.


(abstract.tex
LaTeX Font Info:    Trying to load font information for U+msa on input line 28.


(C:\Users\Kane\AppData\Local\Programs\MiKTeX\tex/latex/amsfonts\umsa.fd
File: umsa.fd 2013/01/14 v3.01 AMS symbols A
)
LaTeX Font Info:    Trying to load font information for U+msb on input line 28.


(C:\Users\Kane\AppData\Local\Programs\MiKTeX\tex/latex/amsfonts\umsb.fd
File: umsb.fd 2013/01/14 v3.01 AMS symbols B
)
[1



]) (main.toc
Overfull \hbox (0.88766pt too wide) in paragraph at lines 14--14
 [][] []\OT1/cmr/m/n/12 Geometric Mor-pho-met-rics and Ma-chine Learn-ing for S
pecies 
 []

[2



] [3])
\tf@toc=\write3
\openout3 = `main.toc'.

 [4] (main.lof [5

])
\tf@lof=\write4
\openout4 = `main.lof'.

 [6] (main.lot
Overfull \hbox (0.24606pt too wide) in paragraph at lines 12--12
 [][] []\OT1/cmr/m/n/12 Performance Met-rics for Dif-fer-ent Ac-ti-va-tion Func
-tions (Batch Size: 
 []

)
\tf@lot=\write5
\openout5 = `main.lot'.

 [7

]
\openout2 = `chapter_1.aux'.

 (chapter_1.tex
Chapter 1.
[1


] [2] [3] [4]) [5]
\openout2 = `chapter_2.aux'.

 (chapter_2.tex
Chapter 2.
[6




]
Overfull \hbox (7.81496pt too wide) in paragraph at lines 11--11
[]\OT1/cmr/bx/n/17.28 Background on \OT1/cmr/bx/it/17.28 Te-gillarca gra-nosa  
\OT1/cmr/bx/n/17.28 and Their
 []

<figures/anatomy.png, id=54, 843.75224pt x 502.87875pt>
File: figures/anatomy.png Graphic file (type png)
<use figures/anatomy.png>
Package pdftex.def Info: figures/anatomy.png  used on input line 16.
(pdftex.def)             Requested size: 373.99469pt x 222.90175pt.
[7 <./figures/anatomy.png>] [8] [9] [10] [11]
Overfull \hbox (1.40376pt too wide) in paragraph at lines 52--52
[]\OT1/cmr/bx/n/14.4 Geometric Mor-pho-met-rics and Ma-chine Learn-ing for
 []

[12] [13]
Overfull \hbox (8.27205pt too wide) in paragraph at lines 67--67
[]\OT1/cmr/bx/n/14.4 Deep Learn-ing for Landmark-Free Mor-pho-log-i-cal Fea-
 []

[14] [15]
Overfull \hbox (5.4122pt too wide) in paragraph at lines 83--84
[]\OT1/cmr/m/it/12 Tegillarca gra-nosa \OT1/cmr/m/n/12 is known for hav-ing no 
sex-ual di-mor-phism. How-ever, through
 []


Overfull \hbox (9.5944pt too wide) in paragraph at lines 85--85
[]\OT1/cmr/bx/n/17.28 Limitations on Sex Iden-ti-fi-ca-tion in \OT1/cmr/bx/it/1
7.28 Te-gillarca
 []

[16] [17]

LaTeX Warning: No positions in optional float specifier.
               Default added (so using `tbp') on input line 99.


Underfull \hbox (badness 1728) in paragraph at lines 119--119
[]|\OT1/cmr/m/n/12 Employed less in-va-sive tech-niques which
 []


Underfull \hbox (badness 10000) in paragraph at lines 122--122
[]|\OT1/cmr/m/n/12 Karapunar, Baran and
 []


Underfull \hbox (badness 1946) in paragraph at lines 124--124
\OT1/cmr/m/n/12 in the Early Juras-sic bi-valve \OT1/cmr/m/it/12 Nicaniella
 []


Underfull \hbox (badness 1509) in paragraph at lines 126--126
[]|\OT1/cmr/m/n/12 There could be mis-in-ter-pre-ta-tion of the
 []


Underfull \hbox (badness 2050) in paragraph at lines 135--135
[]|\OT1/cmr/m/n/12 Convolutional neu-ral net-
 []


Underfull \hbox (badness 10000) in paragraph at lines 135--135
\OT1/cmr/m/n/12 GNet, Inception-ResNet,
 []


Underfull \hbox (badness 10000) in paragraph at lines 141--141
[]|\OT1/cmr/m/n/12 Neural net-work ana-lysis
 []


Underfull \hbox (badness 2582) in paragraph at lines 141--141
\OT1/cmr/m/n/12 (su-per-vised learn-ing) and
 []


Underfull \hbox (badness 2932) in paragraph at lines 141--141
\OT1/cmr/m/n/12 Gaus-sian mix-ture mod-els
 []


Underfull \hbox (badness 1688) in paragraph at lines 143--143
[]|\OT1/cmr/m/n/12 Combining ge-o-met-ric mor-pho-met-rics and
 []


Underfull \hbox (badness 2478) in paragraph at lines 144--144
[]|\OT1/cmr/m/n/12 Difficulty clas-si-fy-ing in-ter-me-di-ate phe-no-
 []


Underfull \hbox (badness 10000) in paragraph at lines 152--152
[]|\OT1/cmr/m/n/12 Fedor Lishchenko and
 []


Underfull \hbox (badness 10000) in paragraph at lines 153--153
[]|\OT1/cmr/m/n/12 Landmark- and outline-
 []


Underfull \hbox (badness 1067) in paragraph at lines 153--153
\OT1/cmr/m/n/12 based Ge-o-met-ric Mor-pho-
 []


Underfull \hbox (badness 10000) in paragraph at lines 159--159
[]|\OT1/cmr/m/n/12 Morphological reg-u-lated
 []


Underfull \hbox (badness 10000) in paragraph at lines 159--159
\OT1/cmr/m/n/12 vari-a-tional Au-toEn-coder
 []


Underfull \hbox (badness 1418) in paragraph at lines 160--160
\OT1/cmr/m/n/12 ods, such as a mod-i-fied vari-a-tional au-
 []


Underfull \hbox (badness 10000) in paragraph at lines 164--164
[]|\OT1/cmr/m/n/12 Barrera-Hernandez, R.
 []


Underfull \hbox (badness 10000) in paragraph at lines 165--165
[]|\OT1/cmr/m/n/12 Machine learn-ing al-go-
 []


Underfull \hbox (badness 10000) in paragraph at lines 170--170
[]|\OT1/cmr/m/n/12 Concepcion, R. and
 []


Underfull \hbox (badness 10000) in paragraph at lines 171--171
[]|\OT1/cmr/m/n/12 EfficientNet-Bo,
 []


Underfull \hbox (badness 4779) in paragraph at lines 171--171
\OT1/cmr/m/n/12 ResNet101, Mo-bileNetV2,
 []


Underfull \hbox (badness 1755) in paragraph at lines 173--173
\OT1/cmr/m/n/12 trace-abil-ity pro-vide faster, cheaper, and
 []

[18] [19]) [20]
\openout2 = `chapter_3.aux'.

 (chapter_3.tex
Chapter 3.
[21




]
<figures/male-female T.granosa.png, id=105, 584.1825pt x 368.37625pt>
File: figures/male-female T.granosa.png Graphic file (type png)
<use figures/male-female T.granosa.png>
Package pdftex.def Info: figures/male-female T.granosa.png  used on input line 
24.
(pdftex.def)             Requested size: 373.99469pt x 235.8443pt.
 [22 <./figures/male-female T.granosa.png>]
<figures/view.png, id=111, 1150.89975pt x 734.745pt>
File: figures/view.png Graphic file (type png)
<use figures/view.png>
Package pdftex.def Info: figures/view.png  used on input line 43.
(pdftex.def)             Requested size: 373.99469pt x 238.75566pt.
 [23] [24 <./figures/view.png>]
<figures/Tegillarca_granosa_linear_measurements.png, id=119, 5900.0425pt x 1527
.7075pt>
File: figures/Tegillarca_granosa_linear_measurements.png Graphic file (type png
)
<use figures/Tegillarca_granosa_linear_measurements.png>
Package pdftex.def Info: figures/Tegillarca_granosa_linear_measurements.png  us
ed on input line 60.
(pdftex.def)             Requested size: 394.77359pt x 102.21834pt.
<figures/setup.jpg, id=120, 1128.46594pt x 1128.46594pt>
File: figures/setup.jpg Graphic file (type jpg)
<use figures/setup.jpg>
Package pdftex.def Info: figures/setup.jpg  used on input line 74.
(pdftex.def)             Requested size: 166.21844pt x 166.21483pt.

[25 <./figures/Tegillarca_granosa_linear_measurements.png>]
Overfull \hbox (10.35138pt too wide) in paragraph at lines 84--84
[]\OT1/cmr/bx/n/17.28 Morphometric Char-ac-ter-is-tics Eval-u-a-tion Us-
 []

[26 <./figures/setup.jpg>]
<figures/pipeline.png, id=129, 690.32906pt x 152.82094pt>
File: figures/pipeline.png Graphic file (type png)
<use figures/pipeline.png>
Package pdftex.def Info: figures/pipeline.png  used on input line 94.
(pdftex.def)             Requested size: 415.55249pt x 91.99406pt.

Overfull \hbox (1.85104pt too wide) in paragraph at lines 107--108
\OT1/cmr/m/n/12 sure-ments. These in-cluded the length-to-width ra-tio, length-
to-height ra-tio, width-
 []

[27 <./figures/pipeline.png (PNG copy)>]
Overfull \hbox (5.36221pt too wide) in paragraph at lines 126--127
[]\OT1/cmr/m/n/12 After nor-mal-iza-tion, class im-bal-ance was ad-dressed by a
p-ply-ing Ran-dom Under-
 []

[28]
<figures/cv.png, id=138, 736.7525pt x 453.695pt>
File: figures/cv.png Graphic file (type png)
<use figures/cv.png>
Package pdftex.def Info: figures/cv.png  used on input line 140.
(pdftex.def)             Requested size: 332.44325pt x 204.71469pt.

Overfull \hbox (9.47134pt too wide) in paragraph at lines 145--145
[]\OT1/cmr/bx/n/17.28 Morphological Char-ac-ter-is-tics Eval-u-a-tion Us-
 []

[29 <./figures/cv.png>]
<figures/male_shadows_removed.png, id=143, 854.2314pt x 150.3216pt>
File: figures/male_shadows_removed.png Graphic file (type png)
<use figures/male_shadows_removed.png>
Package pdftex.def Info: figures/male_shadows_removed.png  used on input line 1
66.
(pdftex.def)             Requested size: 415.55249pt x 73.12607pt.
<figures/female_shadows_removed.png, id=144, 854.2314pt x 150.3216pt>
File: figures/female_shadows_removed.png Graphic file (type png)
<use figures/female_shadows_removed.png>
Package pdftex.def Info: figures/female_shadows_removed.png  used on input line
 172.
(pdftex.def)             Requested size: 415.55249pt x 73.12607pt.
 [30 <./figures/male_shadows_removed.png> <./figures/female_shadows_removed.png
>]
<figures/cnn_architecture.png, id=150, 1334.73656pt x 414.79968pt>
File: figures/cnn_architecture.png Graphic file (type png)
<use figures/cnn_architecture.png>
Package pdftex.def Info: figures/cnn_architecture.png  used on input line 182.
(pdftex.def)             Requested size: 415.55249pt x 129.14355pt.
 [31 <./figures/cnn_architecture.png (PNG copy)>]
<figures/skf.png, id=154, 402.50375pt x 332.24126pt>
File: figures/skf.png Graphic file (type png)
<use figures/skf.png>
Package pdftex.def Info: figures/skf.png  used on input line 210.
(pdftex.def)             Requested size: 249.33403pt x 205.81pt.

[32 <./figures/skf.png>]
<figures/data_augmentation.png, id=160, 885.3075pt x 646.66594pt>
File: figures/data_augmentation.png Graphic file (type png)
<use figures/data_augmentation.png>
Package pdftex.def Info: figures/data_augmentation.png  used on input line 222.

(pdftex.def)             Requested size: 415.55249pt x 303.53833pt.
 [33 <./figures/data_augmentation.png (PNG copy)>]
[34]) [35]
\openout2 = `chapter_4.aux'.

 (chapter_4.tex
Chapter 4.
<figures/heatmap.png, id=172, 377.2494pt x 523.2348pt>
File: figures/heatmap.png Graphic file (type png)
<use figures/heatmap.png>
Package pdftex.def Info: figures/heatmap.png  used on input line 14.
(pdftex.def)             Requested size: 166.21844pt x 230.54338pt.
[36




] [37 <./figures/heatmap.png>]
<figures/kw.png, id=180, 693.0693pt x 424.9476pt>
File: figures/kw.png Graphic file (type png)
<use figures/kw.png>
Package pdftex.def Info: figures/kw.png  used on input line 57.
(pdftex.def)             Requested size: 415.55249pt x 254.78896pt.

Overfull \hbox (7.25525pt too wide) in paragraph at lines 62--63
[]\OT1/cmr/m/n/12 Feature im-por-tance was as-sessed us-ing the Kruskal-Wallis 
test, a non-parametric
 []

[38 <./figures/kw.png>] [39]
<figures/confusion_matrix_ml.png, id=190, 430.7292pt x 330.2739pt>
File: figures/confusion_matrix_ml.png Graphic file (type png)
<use figures/confusion_matrix_ml.png>
Package pdftex.def Info: figures/confusion_matrix_ml.png  used on input line 11
9.
(pdftex.def)             Requested size: 332.44325pt x 254.91138pt.
 [40 <./figures/confusion_matrix_ml.png>] [41]
[42] [43] [44]
<figures/acc_epoch.png, id=208, 1074.6549pt x 354.123pt>
File: figures/acc_epoch.png Graphic file (type png)
<use figures/acc_epoch.png>
Package pdftex.def Info: figures/acc_epoch.png  used on input line 280.
(pdftex.def)             Requested size: 332.44325pt x 109.55003pt.
<figures/avg_acc.png, id=209, 714.7503pt x 426.393pt>
File: figures/avg_acc.png Graphic file (type png)
<use figures/avg_acc.png>
Package pdftex.def Info: figures/avg_acc.png  used on input line 289.
(pdftex.def)             Requested size: 332.44325pt x 198.32924pt.
 [45 <./figures/acc_epoch.png>]
<figures/loss_epoch.png, id=214, 1074.6549pt x 354.123pt>
File: figures/loss_epoch.png Graphic file (type png)
<use figures/loss_epoch.png>
Package pdftex.def Info: figures/loss_epoch.png  used on input line 298.
(pdftex.def)             Requested size: 332.44325pt x 109.55003pt.
<figures/avg_loss.png, id=215, 714.7503pt x 426.393pt>
File: figures/avg_loss.png Graphic file (type png)
<use figures/avg_loss.png>
Package pdftex.def Info: figures/avg_loss.png  used on input line 307.
(pdftex.def)             Requested size: 332.44325pt x 198.32924pt.
 [46 <./figures/avg_acc.png> <./figures/loss_epoch.png>]
<figures/cm_dl.png, id=222, 462.528pt x 395.3169pt>
File: figures/cm_dl.png Graphic file (type png)
<use figures/cm_dl.png>
Package pdftex.def Info: figures/cm_dl.png  used on input line 316.
(pdftex.def)             Requested size: 332.44325pt x 284.1514pt.
 [47 <./figures/avg_loss.png> <./figures/cm_dl.png>]
<figures/roc.png, id=228, 507.3354pt x 395.3169pt>
File: figures/roc.png Graphic file (type png)
<use figures/roc.png>
Package pdftex.def Info: figures/roc.png  used on input line 325.
(pdftex.def)             Requested size: 332.44325pt x 259.04605pt.

[48 <./figures/roc.png>]) [49]
\openout2 = `chapter_5.aux'.

 (chapter_5.tex
Chapter 5.
[50




]
Overfull \hbox (4.58899pt too wide) in paragraph at lines 19--20
\OT1/cmr/m/n/12 This spe-cial prob-lem en-ti-tled Mor-pho-me-t-ric and Morpholo
gical-Based Non-invasive
 []

) [51] [52] (main.bbl
Underfull \hbox (badness 1043) in paragraph at lines 151--164
[]\OT1/cmr/m/n/12 Awan, A. A.  (2022, Novem-ber).  \OT1/cmr/m/it/12 A com-plete
 guide to data aug-men-ta-
 []

[53



] [54]
Underfull \hbox (badness 10000) in paragraph at lines 677--684
\OT1/cmtt/m/n/12 fao [] -2024 [] -report [] -sustainable [] -aquatic [] -food [
] -systems [] -important [] -for []
 []


Underfull \hbox (badness 5954) in paragraph at lines 728--741
[]\OT1/cmr/m/n/12 GeeksforGeeks.  (2020, Au-gust 6).  \OT1/cmr/m/it/12 Strat-i-
fied k fold cross val-i-da-
 []

[55]
Underfull \hbox (badness 1210) in paragraph at lines 1353--1368
\OT1/cmr/m/n/12 Re-trieved from $\OT1/cmtt/m/n/12 https :// diogoribeiro7 [] .g
ithub [] .io / statistics / data %
 []

[56]) [57]
\openout2 = `appendix_A.aux'.

 (appendix_A.tex
Appendix A.
<figures/spawning.jpg, id=261, 3481.005pt x 4641.34pt>
File: figures/spawning.jpg Graphic file (type jpg)
<use figures/spawning.jpg>
Package pdftex.def Info: figures/spawning.jpg  used on input line 20.
(pdftex.def)             Requested size: 166.21844pt x 221.59908pt.
<figures/spawning_separated.jpg, id=262, 2055.68pt x 924.45375pt>
File: figures/spawning_separated.jpg Graphic file (type jpg)
<use figures/spawning_separated.jpg>
Package pdftex.def Info: figures/spawning_separated.jpg  used on input line 26.

(pdftex.def)             Requested size: 228.55513pt x 102.77638pt.
<figures/dissecting_female.jpg, id=263, 3481.005pt x 4641.34pt>
File: figures/dissecting_female.jpg Graphic file (type jpg)
<use figures/dissecting_female.jpg>
Package pdftex.def Info: figures/dissecting_female.jpg  used on input line 32.
(pdftex.def)             Requested size: 166.21844pt x 221.59908pt.
<figures/dissecting male.jpg, id=264, 3481.005pt x 4641.34pt>
File: figures/dissecting male.jpg Graphic file (type jpg)
<use figures/dissecting male.jpg>
Package pdftex.def Info: figures/dissecting male.jpg  used on input line 38.
(pdftex.def)             Requested size: 166.21844pt x 221.59908pt.
<figures/female_dataset.png, id=265, 620.3175pt x 338.76563pt>
File: figures/female_dataset.png Graphic file (type png)
<use figures/female_dataset.png>
Package pdftex.def Info: figures/female_dataset.png  used on input line 44.
(pdftex.def)             Requested size: 249.33403pt x 136.16548pt.
<figures/male_dataset.png, id=266, 481.8pt x 347.79938pt>
File: figures/male_dataset.png Graphic file (type png)
<use figures/male_dataset.png>
Package pdftex.def Info: figures/male_dataset.png  used on input line 50.
(pdftex.def)             Requested size: 249.33403pt x 179.98636pt.
<figures/female_dataset(img).png, id=267, 759.33687pt x 301.62688pt>
File: figures/female_dataset(img).png Graphic file (type png)
<use figures/female_dataset(img).png>
Package pdftex.def Info: figures/female_dataset(img).png  used on input line 56
.
(pdftex.def)             Requested size: 332.44325pt x 132.05807pt.
<figures/male_dataset(img).png, id=268, 760.34062pt x 302.63063pt>
File: figures/male_dataset(img).png Graphic file (type png)
<use figures/male_dataset(img).png>
Package pdftex.def Info: figures/male_dataset(img).png  used on input line 62.
(pdftex.def)             Requested size: 332.44325pt x 132.32207pt.
) [58


 <./figures/spawning.jpg> <./figures/spawning_separated.jpg>] [59 <./figures/di
ssecting_female.jpg> <./figures/dissecting male.jpg> <./figures/female_dataset.
png>] [60 <./figures/male_dataset.png> <./figures/female_dataset(img).png> <./f
igures/male_dataset(img).png>]
\openout2 = `appendix_B.aux'.

 (appendix_B.tex
Appendix B.
<figures/sample_distribution.png, id=283, 597.6729pt x 604.1772pt>
File: figures/sample_distribution.png Graphic file (type png)
<use figures/sample_distribution.png>
Package pdftex.def Info: figures/sample_distribution.png  used on input line 25
.
(pdftex.def)             Requested size: 249.33403pt x 252.04718pt.
<figures/corr_matrix.png, id=284, 654.0435pt x 388.8126pt>
File: figures/corr_matrix.png Graphic file (type png)
<use figures/corr_matrix.png>
Package pdftex.def Info: figures/corr_matrix.png  used on input line 31.
(pdftex.def)             Requested size: 332.44325pt x 197.62732pt.
<figures/conv1.png, id=285, 688.0104pt x 680.7834pt>
File: figures/conv1.png Graphic file (type png)
<use figures/conv1.png>
Package pdftex.def Info: figures/conv1.png  used on input line 37.
(pdftex.def)             Requested size: 249.33403pt x 246.71274pt.
<figures/conv2.png, id=286, 703.9098pt x 688.0104pt>
File: figures/conv2.png Graphic file (type png)
<use figures/conv2.png>
Package pdftex.def Info: figures/conv2.png  used on input line 43.
(pdftex.def)             Requested size: 249.33403pt x 243.69424pt.
<figures/conv3.png, id=287, 693.792pt x 685.8423pt>
File: figures/conv3.png Graphic file (type png)
<use figures/conv3.png>
Package pdftex.def Info: figures/conv3.png  used on input line 49.
(pdftex.def)             Requested size: 249.33403pt x 246.47397pt.
) [61




 <./figures/sample_distribution.png>] [62 <./figures/corr_matrix.png> <./figure
s/conv1.png>] [63 <./figures/conv2.png> <./figures/conv3.png>] (main.aux
(title_page.aux) (abstract.aux) (chapter_1.aux) (chapter_2.aux) (chapter_3.aux)
(chapter_4.aux) (chapter_5.aux) (appendix_A.aux) (appendix_B.aux))
 ***********
LaTeX2e <2023-11-01> patch level 1
L3 programming layer <2024-01-04>
 ***********
 ) 
Here is how much of TeX's memory you used:
 7624 strings out of 474486
 126051 string characters out of 5744227
 1963542 words of memory out of 5000000
 29707 multiletter control sequences out of 15000+600000
 569549 words of font info for 78 fonts, out of 8000000 for 9000
 1143 hyphenation exceptions out of 8191
 79i,17n,84p,1840b,417s stack positions out of 10000i,1000n,20000p,200000b,200000s
 <C:\Users\Kane\AppData\Local\MiKTeX\fonts/pk/ljfour/jknappen/ec/dpi600\tcrm1
200.pk><C:/Users/Kane/AppData/Local/Programs/MiKTeX/fonts/type1/public/amsfonts
/cm/cmbx10.pfb><C:/Users/Kane/AppData/Local/Programs/MiKTeX/fonts/type1/public/
amsfonts/cm/cmbx12.pfb><C:/Users/Kane/AppData/Local/Programs/MiKTeX/fonts/type1
/public/amsfonts/cm/cmbxti10.pfb><C:/Users/Kane/AppData/Local/Programs/MiKTeX/f
onts/type1/public/amsfonts/cm/cmcsc10.pfb><C:/Users/Kane/AppData/Local/Programs
/MiKTeX/fonts/type1/public/amsfonts/cm/cmmi12.pfb><C:/Users/Kane/AppData/Local/
Programs/MiKTeX/fonts/type1/public/amsfonts/cm/cmr10.pfb><C:/Users/Kane/AppData
/Local/Programs/MiKTeX/fonts/type1/public/amsfonts/cm/cmr12.pfb><C:/Users/Kane/
AppData/Local/Programs/MiKTeX/fonts/type1/public/amsfonts/cm/cmss8.pfb><C:/User
s/Kane/AppData/Local/Programs/MiKTeX/fonts/type1/public/amsfonts/cm/cmsy10.pfb>
<C:/Users/Kane/AppData/Local/Programs/MiKTeX/fonts/type1/public/amsfonts/cm/cmt
i12.pfb><C:/Users/Kane/AppData/Local/Programs/MiKTeX/fonts/type1/public/amsfont
s/cm/cmtt12.pfb>
Output written on main.pdf (72 pages, 24746457 bytes).
PDF statistics:
 356 PDF objects out of 1000 (max. 8388607)
 0 named destinations out of 1000 (max. 500000)
 171 words of extra memory for PDF output out of 10000 (max. 10000000)

