This is pdfTeX, Version 3.141592653-2.6-1.40.25 (MiKTeX 24.1) (preloaded format=pdflatex 2024.10.16)  5 NOV 2024 14:46
entering extended mode
 restricted \write18 enabled.
 %&-line parsing enabled.
**./main.tex
(main.tex
LaTeX2e <2023-11-01> patch level 1
L3 programming layer <2024-01-04>

LaTeX Warning: \include should only be used after \begin{document} on input lin
e 3.

(preamble.tex
(C:\Users\User\AppData\Local\Programs\MiKTeX\tex/latex/base\report.cls
Document Class: report 2023/05/17 v1.4n Standard LaTeX document class
(C:\Users\User\AppData\Local\Programs\MiKTeX\tex/latex/base\size12.clo
File: size12.clo 2023/05/17 v1.4n Standard LaTeX file (size option)
)
\c@part=\count187
\c@chapter=\count188
\c@section=\count189
\c@subsection=\count190
\c@subsubsection=\count191
\c@paragraph=\count192
\c@subparagraph=\count193
\c@figure=\count194
\c@table=\count195
\abovecaptionskip=\skip48
\belowcaptionskip=\skip49
\bibindent=\dimen140
)
(C:\Users\User\AppData\Local\Programs\MiKTeX\tex/latex/pdfpages\pdfpages.sty
Package: pdfpages 2024/08/20 v0.6b Insert pages of external PDF documents (AM)

(C:\Users\User\AppData\Local\Programs\MiKTeX\tex/latex/base\ifthen.sty
Package: ifthen 2022/04/13 v1.1d Standard LaTeX ifthen package (DPC)
)
(C:\Users\User\AppData\Local\Programs\MiKTeX\tex/latex/tools\calc.sty
Package: calc 2023/07/08 v4.3 Infix arithmetic (KKT,FJ)
\calc@Acount=\count196
\calc@Bcount=\count197
\calc@Adimen=\dimen141
\calc@Bdimen=\dimen142
\calc@Askip=\skip50
\calc@Bskip=\skip51
LaTeX Info: Redefining \setlength on input line 80.
LaTeX Info: Redefining \addtolength on input line 81.
\calc@Ccount=\count198
\calc@Cskip=\skip52
)
(C:\Users\User\AppData\Local\Programs\MiKTeX\tex/latex/eso-pic\eso-pic.sty
Package: eso-pic 2023/05/03 v3.0c eso-pic (RN)
\ESO@tempdima=\dimen143
\ESO@tempdimb=\dimen144

(C:\Users\User\AppData\Local\Programs\MiKTeX\tex/latex/graphics\keyval.sty
Package: keyval 2022/05/29 v1.15 key=value parser (DPC)
\KV@toks@=\toks17
)
(C:\Users\User\AppData\Local\Programs\MiKTeX\tex/latex/xcolor\xcolor.sty
Package: xcolor 2023/11/15 v3.01 LaTeX color extensions (UK)

(C:\Users\User\AppData\Local\Programs\MiKTeX\tex/latex/graphics-cfg\color.cfg
File: color.cfg 2016/01/02 v1.6 sample color configuration
)
Package xcolor Info: Driver file: pdftex.def on input line 274.

(C:\Users\User\AppData\Local\Programs\MiKTeX\tex/latex/graphics-def\pdftex.def
File: pdftex.def 2022/09/22 v1.2b Graphics/color driver for pdftex
) (C:\Users\User\AppData\Local\Programs\MiKTeX\tex/latex/graphics\mathcolor.ltx
)
Package xcolor Info: Model `cmy' substituted by `cmy0' on input line 1350.
Package xcolor Info: Model `hsb' substituted by `rgb' on input line 1354.
Package xcolor Info: Model `RGB' extended on input line 1366.
Package xcolor Info: Model `HTML' substituted by `rgb' on input line 1368.
Package xcolor Info: Model `Hsb' substituted by `hsb' on input line 1369.
Package xcolor Info: Model `tHsb' substituted by `hsb' on input line 1370.
Package xcolor Info: Model `HSB' substituted by `hsb' on input line 1371.
Package xcolor Info: Model `Gray' substituted by `gray' on input line 1372.
Package xcolor Info: Model `wave' substituted by `hsb' on input line 1373.
)) (C:\Users\User\AppData\Local\Programs\MiKTeX\tex/latex/graphics\graphicx.sty
Package: graphicx 2021/09/16 v1.2d Enhanced LaTeX Graphics (DPC,SPQR)
(C:\Users\User\AppData\Local\Programs\MiKTeX\tex/latex/graphics\graphics.sty
Package: graphics 2022/03/10 v1.4e Standard LaTeX Graphics (DPC,SPQR)

(C:\Users\User\AppData\Local\Programs\MiKTeX\tex/latex/graphics\trig.sty
Package: trig 2021/08/11 v1.11 sin cos tan (DPC)
)
(C:\Users\User\AppData\Local\Programs\MiKTeX\tex/latex/graphics-cfg\graphics.cf
g
File: graphics.cfg 2016/06/04 v1.11 sample graphics configuration
)
Package graphics Info: Driver file: pdftex.def on input line 107.
)
\Gin@req@height=\dimen145
\Gin@req@width=\dimen146
)
\AM@pagewidth=\dimen147
\AM@pageheight=\dimen148
\AM@fboxrule=\dimen149

(C:\Users\User\AppData\Local\Programs\MiKTeX\tex/latex/pdfpages\pppdftex.def
File: pppdftex.def 2024/08/20 v0.6b Pdfpages driver for pdfTeX (AM)
)
\pdfpages@includegraphics@status=\count199
\AM@pagebox=\box51
\AM@global@opts=\toks18
\AM@pagecnt=\count266
\AM@toc@title=\toks19
\AM@lof@heading=\toks20
\c@AM@survey=\count267
\AM@templatesizebox=\box52
)
(C:\Users\User\AppData\Local\Programs\MiKTeX\tex/latex/apacite\apacite.sty
Package: apacite 2013/07/21 v6.03 APA citation
\c@BibCnt=\count268
\bibleftmargin=\skip53
\bibindent=\skip54
\bibparsep=\skip55
\bibitemsep=\skip56
\biblabelsep=\skip57
)
(C:\Users\User\AppData\Local\Programs\MiKTeX\tex/latex/amsmath\amsmath.sty
Package: amsmath 2023/05/13 v2.17o AMS math features
\@mathmargin=\skip58

For additional information on amsmath, use the `?' option.
(C:\Users\User\AppData\Local\Programs\MiKTeX\tex/latex/amsmath\amstext.sty
Package: amstext 2021/08/26 v2.01 AMS text

(C:\Users\User\AppData\Local\Programs\MiKTeX\tex/latex/amsmath\amsgen.sty
File: amsgen.sty 1999/11/30 v2.0 generic functions
\@emptytoks=\toks21
\ex@=\dimen150
))
(C:\Users\User\AppData\Local\Programs\MiKTeX\tex/latex/amsmath\amsbsy.sty
Package: amsbsy 1999/11/29 v1.2d Bold Symbols
\pmbraise@=\dimen151
)
(C:\Users\User\AppData\Local\Programs\MiKTeX\tex/latex/amsmath\amsopn.sty
Package: amsopn 2022/04/08 v2.04 operator names
)
\inf@bad=\count269
LaTeX Info: Redefining \frac on input line 234.
\uproot@=\count270
\leftroot@=\count271
LaTeX Info: Redefining \overline on input line 399.
LaTeX Info: Redefining \colon on input line 410.
\classnum@=\count272
\DOTSCASE@=\count273
LaTeX Info: Redefining \ldots on input line 496.
LaTeX Info: Redefining \dots on input line 499.
LaTeX Info: Redefining \cdots on input line 620.
\Mathstrutbox@=\box53
\strutbox@=\box54
LaTeX Info: Redefining \big on input line 722.
LaTeX Info: Redefining \Big on input line 723.
LaTeX Info: Redefining \bigg on input line 724.
LaTeX Info: Redefining \Bigg on input line 725.
\big@size=\dimen152
LaTeX Font Info:    Redeclaring font encoding OML on input line 743.
LaTeX Font Info:    Redeclaring font encoding OMS on input line 744.
\macc@depth=\count274
LaTeX Info: Redefining \bmod on input line 905.
LaTeX Info: Redefining \pmod on input line 910.
LaTeX Info: Redefining \smash on input line 940.
LaTeX Info: Redefining \relbar on input line 970.
LaTeX Info: Redefining \Relbar on input line 971.
\c@MaxMatrixCols=\count275
\dotsspace@=\muskip16
\c@parentequation=\count276
\dspbrk@lvl=\count277
\tag@help=\toks22
\row@=\count278
\column@=\count279
\maxfields@=\count280
\andhelp@=\toks23
\eqnshift@=\dimen153
\alignsep@=\dimen154
\tagshift@=\dimen155
\tagwidth@=\dimen156
\totwidth@=\dimen157
\lineht@=\dimen158
\@envbody=\toks24
\multlinegap=\skip59
\multlinetaggap=\skip60
\mathdisplay@stack=\toks25
LaTeX Info: Redefining \[ on input line 2953.
LaTeX Info: Redefining \] on input line 2954.
)
(C:\Users\User\AppData\Local\Programs\MiKTeX\tex/latex/amsfonts\amsfonts.sty
Package: amsfonts 2013/01/14 v3.01 Basic AMSFonts support
\symAMSa=\mathgroup4
\symAMSb=\mathgroup5
LaTeX Font Info:    Redeclaring math symbol \hbar on input line 98.
LaTeX Font Info:    Overwriting math alphabet `\mathfrak' in version `bold'
(Font)                  U/euf/m/n --> U/euf/b/n on input line 106.
)
(C:\Users\User\AppData\Local\Programs\MiKTeX\tex/latex/amsfonts\amssymb.sty
Package: amssymb 2013/01/14 v3.01 AMS font symbols
)
(C:\Users\User\AppData\Local\Programs\MiKTeX\tex/latex/tools\verbatim.sty
Package: verbatim 2023-11-06 v1.5v LaTeX2e package for verbatim enhancements
\every@verbatim=\toks26
\verbatim@line=\toks27
\verbatim@in@stream=\read2
)
(C:\Users\User\AppData\Local\Programs\MiKTeX\tex/latex/url\url.sty
\Urlmuskip=\muskip17
Package: url 2013/09/16  ver 3.4  Verb mode for urls, etc.
)
(C:\Users\User\AppData\Local\Programs\MiKTeX\tex/latex/adjustbox\adjustbox.sty
Package: adjustbox 2022/10/17 v1.3a Adjusting TeX boxes (trim, clip, ...)

(C:\Users\User\AppData\Local\Programs\MiKTeX\tex/latex/xkeyval\xkeyval.sty
Package: xkeyval 2022/06/16 v2.9 package option processing (HA)

(C:\Users\User\AppData\Local\Programs\MiKTeX\tex/generic/xkeyval\xkeyval.tex
(C:\Users\User\AppData\Local\Programs\MiKTeX\tex/generic/xkeyval\xkvutils.tex
\XKV@toks=\toks28
\XKV@tempa@toks=\toks29
)
\XKV@depth=\count281
File: xkeyval.tex 2014/12/03 v2.7a key=value parser (HA)
)) (C:\Users\User\AppData\Local\Programs\MiKTeX\tex/latex/adjustbox\adjcalc.sty
Package: adjcalc 2012/05/16 v1.1 Provides advanced setlength with multiple back
-ends (calc, etex, pgfmath)
) (C:\Users\User\AppData\Local\Programs\MiKTeX\tex/latex/adjustbox\trimclip.sty
Package: trimclip 2020/08/19 v1.2 Trim and clip general TeX material

(C:\Users\User\AppData\Local\Programs\MiKTeX\tex/latex/collectbox\collectbox.st
y
Package: collectbox 2022/10/17 v0.4c Collect macro arguments as boxes
\collectedbox=\box55
)
\tc@llx=\dimen159
\tc@lly=\dimen160
\tc@urx=\dimen161
\tc@ury=\dimen162
Package trimclip Info: Using driver 'tc-pdftex.def'.

(C:\Users\User\AppData\Local\Programs\MiKTeX\tex/latex/adjustbox\tc-pdftex.def
File: tc-pdftex.def 2019/01/04 v2.2 Clipping driver for pdftex
))
\adjbox@Width=\dimen163
\adjbox@Height=\dimen164
\adjbox@Depth=\dimen165
\adjbox@Totalheight=\dimen166
\adjbox@pwidth=\dimen167
\adjbox@pheight=\dimen168
\adjbox@pdepth=\dimen169
\adjbox@ptotalheight=\dimen170

(C:\Users\User\AppData\Local\Programs\MiKTeX\tex/latex/ifoddpage\ifoddpage.sty
Package: ifoddpage 2022/10/18 v1.2 Conditionals for odd/even page detection
\c@checkoddpage=\count282
) (C:\Users\User\AppData\Local\Programs\MiKTeX\tex/latex/varwidth\varwidth.sty
Package: varwidth 2009/03/30 ver 0.92;  Variable-width minipages
\@vwid@box=\box56
\sift@deathcycles=\count283
\@vwid@loff=\dimen171
\@vwid@roff=\dimen172
)) (C:\Users\User\AppData\Local\Programs\MiKTeX\tex/latex/lineno\lineno.sty
Package: lineno 2023/05/20 line numbers on paragraphs v5.3

(C:\Users\User\AppData\Local\Programs\MiKTeX\tex/latex/etoolbox\etoolbox.sty
Package: etoolbox 2020/10/05 v2.5k e-TeX tools for LaTeX (JAW)
\etb@tempcnta=\count284
)
(C:\Users\User\AppData\Local\Programs\MiKTeX\tex/latex/kvoptions\kvoptions.sty
Package: kvoptions 2022-06-15 v3.15 Key value format for package options (HO)

(C:\Users\User\AppData\Local\Programs\MiKTeX\tex/generic/ltxcmds\ltxcmds.sty
Package: ltxcmds 2023-12-04 v1.26 LaTeX kernel commands for general use (HO)
)
(C:\Users\User\AppData\Local\Programs\MiKTeX\tex/latex/kvsetkeys\kvsetkeys.sty
Package: kvsetkeys 2022-10-05 v1.19 Key value parser (HO)
))
\linenopenalty=\count285
\output=\toks30
\linenoprevgraf=\count286
\linenumbersep=\dimen173
\linenumberwidth=\dimen174
\c@linenumber=\count287
\c@pagewiselinenumber=\count288
\c@LN@truepage=\count289
\c@internallinenumber=\count290
\c@internallinenumbers=\count291
\quotelinenumbersep=\dimen175
\bframerule=\dimen176
\bframesep=\dimen177
\bframebox=\box57
\linenoamsmath@ams@eqpen=\count292
LaTeX Info: Redefining \\ on input line 3180.
) (C:\Users\User\AppData\Local\Programs\MiKTeX\tex/latex/graphics\lscape.sty
Package: lscape 2020/05/28 v3.02 Landscape Pages (DPC)
))
(C:\Users\User\AppData\Local\Programs\MiKTeX\tex/latex/l3backend\l3backend-pdft
ex.def
File: l3backend-pdftex.def 2024-01-04 L3 backend support: PDF output (pdfTeX)
\l__color_backend_stack_int=\count293
\l__pdf_internal_box=\box58
)

LaTeX Warning: Unused global option(s):
    [onepage].

(main.aux (title_page.aux) (abstract.aux) (chapter_1.aux) (chapter_2.aux)
(chapter_3.aux) (chapter_4.aux) (appendix_A.aux) (appendix_B.aux))
\openout1 = `main.aux'.

LaTeX Font Info:    Checking defaults for OML/cmm/m/it on input line 6.
LaTeX Font Info:    ... okay on input line 6.
LaTeX Font Info:    Checking defaults for OMS/cmsy/m/n on input line 6.
LaTeX Font Info:    ... okay on input line 6.
LaTeX Font Info:    Checking defaults for OT1/cmr/m/n on input line 6.
LaTeX Font Info:    ... okay on input line 6.
LaTeX Font Info:    Checking defaults for T1/cmr/m/n on input line 6.
LaTeX Font Info:    ... okay on input line 6.
LaTeX Font Info:    Checking defaults for TS1/cmr/m/n on input line 6.
LaTeX Font Info:    ... okay on input line 6.
LaTeX Font Info:    Checking defaults for OMX/cmex/m/n on input line 6.
LaTeX Font Info:    ... okay on input line 6.
LaTeX Font Info:    Checking defaults for U/cmr/m/n on input line 6.
LaTeX Font Info:    ... okay on input line 6.

(C:\Users\User\AppData\Local\Programs\MiKTeX\tex/context/base/mkii\supp-pdf.mki
i
[Loading MPS to PDF converter (version 2006.09.02).]
\scratchcounter=\count294
\scratchdimen=\dimen178
\scratchbox=\box59
\nofMPsegments=\count295
\nofMParguments=\count296
\everyMPshowfont=\toks31
\MPscratchCnt=\count297
\MPscratchDim=\dimen179
\MPnumerator=\count298
\makeMPintoPDFobject=\count299
\everyMPtoPDFconversion=\toks32
)
(C:\Users\User\AppData\Local\Programs\MiKTeX\tex/latex/epstopdf-pkg\epstopdf-ba
se.sty
Package: epstopdf-base 2020-01-24 v2.11 Base part for package epstopdf
Package epstopdf-base Info: Redefining graphics rule for `.eps' on input line 4
85.

(C:\Users\User\AppData\Local\Programs\MiKTeX\tex/latex/00miktex\epstopdf-sys.cf
g
File: epstopdf-sys.cfg 2021/03/18 v2.0 Configuration of epstopdf for MiKTeX
))
(C:\Users\User\AppData\Local\Programs\MiKTeX\tex/latex/pdflscape\pdflscape.sty
Package: pdflscape 2022-10-27 v0.13 Display of landscape pages in PDF

(C:\Users\User\AppData\Local\Programs\MiKTeX\tex/latex/pdflscape\pdflscape-nome
tadata.sty
Package: pdflscape-nometadata 2022-10-28 v0.13 Display of landscape pages in PD
F (HO)

(C:\Users\User\AppData\Local\Programs\MiKTeX\tex/generic/iftex\iftex.sty
Package: iftex 2022/02/03 v1.0f TeX engine tests
)
Package pdflscape Info: Auto-detected driver: pdftex on input line 81.
))
\c@maskedRefs=\count300

(C:\Users\User\AppData\Local\Programs\MiKTeX\tex/latex/apacite\english.apc
File: english.apc 2013/07/21 v6.03 apacite language file
LaTeX Info: Redefining \BPBI on input line 129.
LaTeX Info: Redefining \BHBI on input line 130.
)
\openout2 = `title_page.aux'.


(title_page.tex [1


{C:/Users/User/AppData/Local/MiKTeX/fonts/map/pdftex/pdftex.map}])
\openout2 = `abstract.aux'.

 (abstract.tex
LaTeX Font Info:    Trying to load font information for U+msa on input line 10.


(C:\Users\User\AppData\Local\Programs\MiKTeX\tex/latex/amsfonts\umsa.fd
File: umsa.fd 2013/01/14 v3.01 AMS symbols A
)
LaTeX Font Info:    Trying to load font information for U+msb on input line 10.


(C:\Users\User\AppData\Local\Programs\MiKTeX\tex/latex/amsfonts\umsb.fd
File: umsb.fd 2013/01/14 v3.01 AMS symbols B
)
[1



]) (main.toc
Overfull \hbox (0.88766pt too wide) in paragraph at lines 14--14
 [][] []\OT1/cmr/m/n/12 Geometric Mor-pho-met-rics and Ma-chine Learn-ing for S
pecies 
 []

[2



])
\tf@toc=\write3
\openout3 = `main.toc'.

 [3] (main.lof)
\tf@lof=\write4
\openout4 = `main.lof'.

 [4

] (main.lot)
\tf@lot=\write5
\openout5 = `main.lot'.

 [5

]
\openout2 = `chapter_1.aux'.

 (chapter_1.tex
Chapter 1.
[1


] [2] [3] [4]) [5]
\openout2 = `chapter_2.aux'.

 (chapter_2.tex
Chapter 2.

Overfull \hbox (7.81496pt too wide) in paragraph at lines 11--11
[]\OT1/cmr/bx/n/17.28 Background on \OT1/cmr/bx/it/17.28 Te-gillarca gra-nosa  
\OT1/cmr/bx/n/17.28 and Their
 []

[6




]
<figures/figure1.png, id=44, 816.04875pt x 693.59125pt>
File: figures/figure1.png Graphic file (type png)
<use figures/figure1.png>
Package pdftex.def Info: figures/figure1.png  used on input line 16.
(pdftex.def)             Requested size: 166.21844pt x 141.27695pt.
 [7 <./figures/figure1.png>] [8] [9] [10] [11]
Overfull \hbox (1.40376pt too wide) in paragraph at lines 51--51
[]\OT1/cmr/bx/n/14.4 Geometric Mor-pho-met-rics and Ma-chine Learn-ing for
 []

[12] [13]
Overfull \hbox (8.27205pt too wide) in paragraph at lines 66--66
[]\OT1/cmr/bx/n/14.4 Deep Learn-ing for Landmark-Free Mor-pho-log-i-cal Fea-
 []

[14] [15]
Overfull \hbox (5.4122pt too wide) in paragraph at lines 82--83
[]\OT1/cmr/m/it/12 Tegillarca gra-nosa \OT1/cmr/m/n/12 is known for hav-ing no 
sex-ual di-mor-phism. How-ever, through
 []


Overfull \hbox (9.5944pt too wide) in paragraph at lines 84--84
[]\OT1/cmr/bx/n/17.28 Limitations on Sex Iden-ti-fi-ca-tion in \OT1/cmr/bx/it/1
7.28 Te-gillarca
 []

[16]

LaTeX Warning: No positions in optional float specifier.
               Default added (so using `tbp') on input line 98.


Underfull \hbox (badness 3000) in paragraph at lines 104--104
[]\OT1/cmr/bx/n/12 Technology / Method
 []


Underfull \hbox (badness 6364) in paragraph at lines 109--109
\OT1/cmr/m/n/12 ing and Lar-val Rear-ing
 []


Underfull \hbox (badness 10000) in paragraph at lines 109--109
\OT1/cmr/m/n/12 gillarca gra-nosa in the
 []


Underfull \hbox (badness 1728) in paragraph at lines 112--112
[]\OT1/cmr/m/n/12 Employed less in-va-sive tech-niques which
 []


Underfull \hbox (badness 5302) in paragraph at lines 115--115
[]\OT1/cmr/m/n/12 The ear-li-est ex-am-ple of
 []


Underfull \hbox (badness 1502) in paragraph at lines 115--115
\OT1/cmr/m/n/12 sex-ual di-mor-phism in bi-
 []


Underfull \hbox (badness 1097) in paragraph at lines 115--115
\OT1/cmr/m/n/12 valves|evidence from the
 []


Underfull \hbox (badness 1038) in paragraph at lines 115--115
\OT1/cmr/m/n/12 as-tar-tid Nicaniella (Lower
 []


Underfull \hbox (badness 10000) in paragraph at lines 115--115
\OT1/cmr/m/n/12 Juras-sic, south-ern Ger-
 []


Underfull \hbox (badness 1946) in paragraph at lines 117--117
\OT1/cmr/m/n/12 in the Early Juras-sic bi-valve \OT1/cmr/m/it/12 Nicaniella
 []


Underfull \hbox (badness 1509) in paragraph at lines 119--119
[]\OT1/cmr/m/n/12 There could be mis-in-ter-pre-ta-tion of the
 []


Underfull \hbox (badness 3219) in paragraph at lines 127--127
[]\OT1/cmr/m/n/12 Deep learning-based phe-
 []


Underfull \hbox (badness 10000) in paragraph at lines 127--127
\OT1/cmr/m/n/12 no-type clas-si-fi-ca-tion of
 []


Underfull \hbox (badness 10000) in paragraph at lines 127--127
\OT1/cmr/m/it/12 kagoshi-men-sis\OT1/cmr/m/n/12 , \OT1/cmr/m/it/12 Te-gillarca
 []


Underfull \hbox (badness 10000) in paragraph at lines 127--127
\OT1/cmr/m/it/12 gra-nosa\OT1/cmr/m/n/12 , and \OT1/cmr/m/it/12 Anadara
 []


Underfull \hbox (badness 2050) in paragraph at lines 128--128
[]\OT1/cmr/m/n/12 Convolutional neu-ral net-
 []


Underfull \hbox (badness 10000) in paragraph at lines 128--128
\OT1/cmr/m/n/12 GNet, Inception-ResNet,
 []


Underfull \hbox (badness 10000) in paragraph at lines 133--133
[]\OT1/cmr/m/n/12 Geometric mor-pho-met-
 []


Underfull \hbox (badness 10000) in paragraph at lines 133--133
\OT1/cmr/m/n/12 chal-lenge cur-rently ac-
 []


Underfull \hbox (badness 6741) in paragraph at lines 133--133
\OT1/cmr/m/n/12 cepted species lim-its of
 []


Underfull \hbox (badness 10000) in paragraph at lines 133--133
\OT1/cmr/m/n/12 (Pul-monata: Both-riem-
 []


Underfull \hbox (badness 10000) in paragraph at lines 134--134
[]\OT1/cmr/m/n/12 Neural net-work ana-lysis
 []


Underfull \hbox (badness 2582) in paragraph at lines 134--134
\OT1/cmr/m/n/12 (su-per-vised learn-ing) and
 []


Underfull \hbox (badness 2932) in paragraph at lines 134--134
\OT1/cmr/m/n/12 Gaus-sian mix-ture mod-els
 []


Underfull \hbox (badness 1688) in paragraph at lines 136--136
[]\OT1/cmr/m/n/12 Combining ge-o-met-ric mor-pho-met-rics and
 []


Underfull \hbox (badness 2478) in paragraph at lines 137--137
[]\OT1/cmr/m/n/12 Difficulty clas-si-fy-ing in-ter-me-di-ate phe-no-
 []


Underfull \hbox (badness 2469) in paragraph at lines 139--139
[]\OT1/cmr/m/n/12 Recognizing mol-lusc shell
 []


Underfull \hbox (badness 10000) in paragraph at lines 139--139
\OT1/cmr/m/n/12 con-tours with en-larged
 []


Underfull \hbox (badness 2134) in paragraph at lines 145--145
\OT1/cmr/m/n/12 y-ses to Record-ing Struc-
 []


Underfull \hbox (badness 6300) in paragraph at lines 145--145
\OT1/cmr/m/n/12 tures of Ma-rine Or-gan-
 []


Underfull \hbox (badness 10000) in paragraph at lines 146--146
[]\OT1/cmr/m/n/12 Landmark- and outline-
 []


Underfull \hbox (badness 1067) in paragraph at lines 146--146
\OT1/cmr/m/n/12 based Ge-o-met-ric Mor-pho-
 []


Underfull \hbox (badness 3657) in paragraph at lines 151--151
\OT1/cmr/m/n/12 for mor-pho-log-i-cal fea-ture
 []


Underfull \hbox (badness 10000) in paragraph at lines 152--152
[]\OT1/cmr/m/n/12 Morphological reg-u-lated
 []


Underfull \hbox (badness 10000) in paragraph at lines 152--152
\OT1/cmr/m/n/12 vari-a-tional Au-toEn-coder
 []


Underfull \hbox (badness 1418) in paragraph at lines 153--153
\OT1/cmr/m/n/12 ods, such as a mod-i-fied vari-a-tional au-
 []


Underfull \hbox (badness 3668) in paragraph at lines 157--157
\OT1/cmr/m/n/12 ti-a-tion Through Ma-chine
 []


Underfull \hbox (badness 10000) in paragraph at lines 158--158
[]\OT1/cmr/m/n/12 Machine learn-ing al-go-
 []


Underfull \hbox (badness 3312) in paragraph at lines 163--163
\OT1/cmr/m/n/12 neu-ral net-work for com-
 []


Underfull \hbox (badness 1721) in paragraph at lines 163--163
\OT1/cmr/m/it/12 ed-ule\OT1/cmr/m/n/12 ) ge-o-graph-i-cal trace-
 []


Underfull \hbox (badness 10000) in paragraph at lines 164--164
[]\OT1/cmr/m/n/12 EfficientNet-Bo,
 []


Underfull \hbox (badness 4779) in paragraph at lines 164--164
\OT1/cmr/m/n/12 ResNet101, Mo-bileNetV2,
 []


Underfull \hbox (badness 1755) in paragraph at lines 166--166
\OT1/cmr/m/n/12 trace-abil-ity pro-vide faster, cheaper, and
 []

[17] [18]) [19]
\openout2 = `chapter_3.aux'.

 (chapter_3.tex
Chapter 3.
[20




]
<figures/T._granosa_male.png, id=93, 434.37282pt x 325.96782pt>
File: figures/T._granosa_male.png Graphic file (type png)
<use figures/T._granosa_male.png>
Package pdftex.def Info: figures/T._granosa_male.png  used on input line 19.
(pdftex.def)             Requested size: 99.73488pt x 74.84169pt.
<figures/T._granosa_female.png, id=94, 434.37282pt x 325.96782pt>
File: figures/T._granosa_female.png Graphic file (type png)
<use figures/T._granosa_female.png>
Package pdftex.def Info: figures/T._granosa_female.png  used on input line 23.
(pdftex.def)             Requested size: 99.73488pt x 74.84169pt.
)
\openout2 = `chapter_4.aux'.

 (chapter_4.tex
Chapter 4.
) (main.bbl
Underfull \hbox (badness 10000) in paragraph at lines 552--559
\OT1/cmtt/m/n/12 fao [] -2024 [] -report [] -sustainable [] -aquatic [] -food [
] -systems [] -important [] -for []
 []

! Misplaced alignment tab character &.
l.603 F.~James~Rohlf, J\BPBI W., &
                                  ~Archie.%
I can't figure out why you would want to use a tab mark
here. If you just want an ampersand, the remedy is
simple: Just type `I\&' now. But if some right brace
up above has ended a previous alignment prematurely,
you're probably due for more error messages, and you
might try typing `S' now just to see what is salvageable.

)
\openout2 = `appendix_A.aux'.

 (appendix_A.tex
Appendix A.
)
\openout2 = `appendix_B.aux'.

 (appendix_B.tex
Appendix B.
)

! LaTeX Error: \begin{figure} on input line 15 ended by \end{document}.

See the LaTeX manual or LaTeX Companion for explanation.
Type  H <return>  for immediate help.
 ...                                              
                                                  
l.34 \end{document}
                   
Your command was ignored.
Type  I <command> <return>  to replace it with another command,
or  <return>  to continue without it.

(main.aux (title_page.aux) (abstract.aux) (chapter_1.aux) (chapter_2.aux)
(chapter_3.aux) (chapter_4.aux) (appendix_A.aux) (appendix_B.aux))
 ***********
LaTeX2e <2023-11-01> patch level 1
L3 programming layer <2024-01-04>
 ***********

! You can't use `\end' in internal vertical mode.
\enddocument ...cument/end}\deadcycles \z@ \@@end 
                                                  
l.34 \end{document}
                   
Sorry, but I'm not programmed to handle this case;
I'll just pretend that you didn't ask for it.
If you're in the wrong mode, you might be able to
return to the right one by typing `I}' or `I$' or `I\par'.


! LaTeX Error: \begin{figure} on input line 15 ended by \end{document}.

See the LaTeX manual or LaTeX Companion for explanation.
Type  H <return>  for immediate help.
 ...                                              
                                                  
l.34 \end{document}
                   
Your command was ignored.
Type  I <command> <return>  to replace it with another command,
or  <return>  to continue without it.

! Missing } inserted.
<inserted text> 
                }
l.34 \end{document}
                   
I've inserted something that you may have forgotten.
(See the <inserted text> above.)
With luck, this will get me unwedged. But if you
really didn't forget anything, try typing `2' now; then
my insertion and my current dilemma will both disappear.

)
! Emergency stop.
<*> ./main.tex
              
*** (job aborted, no legal \end found)

 
Here is how much of TeX's memory you used:
 7085 strings out of 474486
 114419 string characters out of 5744226
 1967542 words of memory out of 5000000
 29187 multiletter control sequences out of 15000+600000
 566687 words of font info for 68 fonts, out of 8000000 for 9000
 1143 hyphenation exceptions out of 8191
 79i,11n,84p,1791b,537s stack positions out of 10000i,1000n,20000p,200000b,200000s
!  ==> Fatal error occurred, no output PDF file produced!
